2019-08-16 00:00:38.627  WARN 11016 --- [http-nio-6161-exec-9] .w.s.m.s.DefaultHandlerExceptionResolver : Resolved [org.springframework.http.converter.HttpMessageNotReadableException: JSON parse error: Cannot deserialize instance of `java.util.ArrayList` out of VALUE_STRING token; nested exception is com.fasterxml.jackson.databind.exc.MismatchedInputException: Cannot deserialize instance of `java.util.ArrayList` out of VALUE_STRING token
 at [Source: (PushbackInputStream); line: 7, column: 12] (through reference chain: com.microservicios2.clase3.customerService.model.Customer["account"])]
2019-08-16 00:00:47.968  WARN 11016 --- [http-nio-6161-exec-7] .w.s.m.s.DefaultHandlerExceptionResolver : Resolved [org.springframework.http.converter.HttpMessageNotReadableException: JSON parse error: Cannot deserialize instance of `java.util.ArrayList` out of VALUE_NUMBER_INT token; nested exception is com.fasterxml.jackson.databind.exc.MismatchedInputException: Cannot deserialize instance of `java.util.ArrayList` out of VALUE_NUMBER_INT token
 at [Source: (PushbackInputStream); line: 7, column: 12] (through reference chain: com.microservicios2.clase3.customerService.model.Customer["account"])]
2019-08-16 00:00:55.356  WARN 11016 --- [http-nio-6161-exec-1] .w.s.m.s.DefaultHandlerExceptionResolver : Resolved [org.springframework.http.converter.HttpMessageNotReadableException: JSON parse error: Unexpected character ('}' (code 125)): was expecting double-quote to start field name; nested exception is com.fasterxml.jackson.core.JsonParseException: Unexpected character ('}' (code 125)): was expecting double-quote to start field name
 at [Source: (PushbackInputStream); line: 7, column: 2]]
2019-08-16 00:01:54.083  INFO 11016 --- [AsyncResolver-bootstrap-executor-0] c.n.d.s.r.aws.ConfigClusterResolver      : Resolving eureka endpoints via configuration
2019-08-16 00:02:17.196  WARN 11016 --- [http-nio-6161-exec-6] .w.s.m.s.DefaultHandlerExceptionResolver : Resolved [org.springframework.web.HttpRequestMethodNotSupportedException: Request method 'GET' not supported]
2019-08-16 00:02:21.183  WARN 11016 --- [http-nio-6161-exec-8] .w.s.m.s.DefaultHandlerExceptionResolver : Resolved [org.springframework.web.HttpRequestMethodNotSupportedException: Request method 'GET' not supported]
2019-08-16 00:03:11.389  INFO 11016 --- [RMI TCP Connection(34)-127.0.0.1] inMXBeanRegistrar$SpringApplicationAdmin : Application shutdown requested.
2019-08-16 00:03:11.391  INFO 11016 --- [RMI TCP Connection(34)-127.0.0.1] o.s.c.n.e.s.EurekaServiceRegistry        : Unregistering application CUSTOMER-SERVICE with eureka with status DOWN
2019-08-16 00:03:11.392  WARN 11016 --- [RMI TCP Connection(34)-127.0.0.1] com.netflix.discovery.DiscoveryClient    : Saw local status change event StatusChangeEvent [timestamp=1565931791392, current=DOWN, previous=UP]
2019-08-16 00:03:11.392  INFO 11016 --- [DiscoveryClient-InstanceInfoReplicator-0] com.netflix.discovery.DiscoveryClient    : DiscoveryClient_CUSTOMER-SERVICE/DESKTOP-MBUOBKB:customer-service:6161: registering service...
2019-08-16 00:03:11.398  INFO 11016 --- [DiscoveryClient-InstanceInfoReplicator-0] com.netflix.discovery.DiscoveryClient    : DiscoveryClient_CUSTOMER-SERVICE/DESKTOP-MBUOBKB:customer-service:6161 - registration status: 204
2019-08-16 00:03:11.408  INFO 11016 --- [[Ljava.lang.String;@40b693a7.container-0-C-1] o.s.s.c.ThreadPoolTaskScheduler          : Shutting down ExecutorService
2019-08-16 00:03:11.415  INFO 11016 --- [[Ljava.lang.String;@40b693a7.container-0-C-1] essageListenerContainer$ListenerConsumer : Consumer stopped
2019-08-16 00:03:11.417  INFO 11016 --- [RMI TCP Connection(34)-127.0.0.1] s.i.k.i.KafkaMessageDrivenChannelAdapter : stopped org.springframework.integration.kafka.inbound.KafkaMessageDrivenChannelAdapter@27ed45aa
2019-08-16 00:03:11.418  INFO 11016 --- [RMI TCP Connection(34)-127.0.0.1] o.s.i.endpoint.EventDrivenConsumer       : Removing {logging-channel-adapter:_org.springframework.integration.errorLogger} as a subscriber to the 'errorChannel' channel
2019-08-16 00:03:11.419  INFO 11016 --- [RMI TCP Connection(34)-127.0.0.1] o.s.i.channel.PublishSubscribeChannel    : Channel 'application-1.errorChannel' has 0 subscriber(s).
2019-08-16 00:03:11.419  INFO 11016 --- [RMI TCP Connection(34)-127.0.0.1] o.s.i.endpoint.EventDrivenConsumer       : stopped _org.springframework.integration.errorLogger
2019-08-16 00:03:11.422  INFO 11016 --- [RMI TCP Connection(34)-127.0.0.1] o.s.s.concurrent.ThreadPoolTaskExecutor  : Shutting down ExecutorService 'applicationTaskExecutor'
2019-08-16 00:03:11.490  INFO 11016 --- [RMI TCP Connection(34)-127.0.0.1] o.s.s.c.ThreadPoolTaskScheduler          : Shutting down ExecutorService 'taskScheduler'
2019-08-16 00:03:11.493  INFO 11016 --- [RMI TCP Connection(34)-127.0.0.1] j.LocalContainerEntityManagerFactoryBean : Closing JPA EntityManagerFactory for persistence unit 'default'
2019-08-16 00:03:11.533  INFO 11016 --- [RMI TCP Connection(34)-127.0.0.1] o.s.i.monitor.IntegrationMBeanExporter   : Summary on shutdown: nullChannel
2019-08-16 00:03:11.533  INFO 11016 --- [RMI TCP Connection(34)-127.0.0.1] o.s.i.monitor.IntegrationMBeanExporter   : Summary on shutdown: errorChannel
2019-08-16 00:03:11.533  INFO 11016 --- [RMI TCP Connection(34)-127.0.0.1] o.s.i.monitor.IntegrationMBeanExporter   : Summary on shutdown: notifications-out
2019-08-16 00:03:11.533  INFO 11016 --- [RMI TCP Connection(34)-127.0.0.1] o.s.i.monitor.IntegrationMBeanExporter   : Summary on shutdown: notification-in
2019-08-16 00:03:11.533  INFO 11016 --- [RMI TCP Connection(34)-127.0.0.1] o.s.i.monitor.IntegrationMBeanExporter   : Summary on shutdown: notification.anonymous.0d1f9f10-4fa5-40ff-86c8-87dbf3528c3e.errors
2019-08-16 00:03:11.533  INFO 11016 --- [RMI TCP Connection(34)-127.0.0.1] o.s.i.monitor.IntegrationMBeanExporter   : Summary on shutdown: _org.springframework.integration.errorLogger.handler
2019-08-16 00:03:11.535  INFO 11016 --- [RMI TCP Connection(34)-127.0.0.1] com.netflix.discovery.DiscoveryClient    : Shutting down DiscoveryClient ...
2019-08-16 00:03:14.536  INFO 11016 --- [RMI TCP Connection(34)-127.0.0.1] com.netflix.discovery.DiscoveryClient    : Unregistering ...
2019-08-16 00:03:14.754  INFO 11016 --- [RMI TCP Connection(34)-127.0.0.1] com.netflix.discovery.DiscoveryClient    : DiscoveryClient_CUSTOMER-SERVICE/DESKTOP-MBUOBKB:customer-service:6161 - deregister  status: 200
2019-08-16 00:03:15.029  INFO 11016 --- [RMI TCP Connection(34)-127.0.0.1] com.netflix.discovery.DiscoveryClient    : Completed shut down of DiscoveryClient
2019-08-16 00:03:15.029  INFO 11016 --- [RMI TCP Connection(34)-127.0.0.1] com.zaxxer.hikari.HikariDataSource       : HikariPool-1 - Shutdown initiated...
2019-08-16 00:03:16.527  INFO 11016 --- [RMI TCP Connection(34)-127.0.0.1] com.zaxxer.hikari.HikariDataSource       : HikariPool-1 - Shutdown completed.
2019-08-16 00:03:16.683  INFO 11016 --- [RMI TCP Connection(34)-127.0.0.1] o.apache.catalina.core.StandardService   : Stopping service [Tomcat]
2019-08-16 00:03:16.923  INFO 11016 --- [RMI TCP Connection(34)-127.0.0.1] o.a.c.c.C.[Tomcat].[localhost].[/]       : Destroying Spring FrameworkServlet 'dispatcherServlet'
2019-08-16 00:03:17.059  WARN 11016 --- [RMI TCP Connection(34)-127.0.0.1] o.a.c.loader.WebappClassLoaderBase       : The web application [ROOT] appears to have started a thread named [kafka-producer-network-thread | producer-2] but has failed to stop it. This is very likely to create a memory leak. Stack trace of thread:
 sun.nio.ch.WindowsSelectorImpl$SubSelector.poll0(Native Method)
 sun.nio.ch.WindowsSelectorImpl$SubSelector.poll(Unknown Source)
 sun.nio.ch.WindowsSelectorImpl$SubSelector.access$400(Unknown Source)
 sun.nio.ch.WindowsSelectorImpl.doSelect(Unknown Source)
 sun.nio.ch.SelectorImpl.lockAndDoSelect(Unknown Source)
 sun.nio.ch.SelectorImpl.select(Unknown Source)
 org.apache.kafka.common.network.Selector.select(Selector.java:691)
 org.apache.kafka.common.network.Selector.poll(Selector.java:411)
 org.apache.kafka.clients.NetworkClient.poll(NetworkClient.java:510)
 org.apache.kafka.clients.producer.internals.Sender.run(Sender.java:239)
 org.apache.kafka.clients.producer.internals.Sender.run(Sender.java:163)
 java.lang.Thread.run(Unknown Source)
2019-08-16 00:03:17.061  WARN 11016 --- [RMI TCP Connection(34)-127.0.0.1] o.a.c.loader.WebappClassLoaderBase       : The web application [ROOT] appears to have started a thread named [logback-1] but has failed to stop it. This is very likely to create a memory leak. Stack trace of thread:
 sun.misc.Unsafe.park(Native Method)
 java.util.concurrent.locks.LockSupport.park(Unknown Source)
 java.util.concurrent.locks.AbstractQueuedSynchronizer$ConditionObject.await(Unknown Source)
 java.util.concurrent.ScheduledThreadPoolExecutor$DelayedWorkQueue.take(Unknown Source)
 java.util.concurrent.ScheduledThreadPoolExecutor$DelayedWorkQueue.take(Unknown Source)
 java.util.concurrent.ThreadPoolExecutor.getTask(Unknown Source)
 java.util.concurrent.ThreadPoolExecutor.runWorker(Unknown Source)
 java.util.concurrent.ThreadPoolExecutor$Worker.run(Unknown Source)
 java.lang.Thread.run(Unknown Source)
2019-08-16 00:03:34.920 ERROR 11892 --- [restartedMain] o.s.b.c.l.LoggingApplicationListener     : Cannot set level '' for 'null'
2019-08-16 00:03:34.920 ERROR 11892 --- [restartedMain] o.s.b.c.l.LoggingApplicationListener     : Cannot set level 'FULL' for 'project.user.UserClient'
2019-08-16 00:03:34.938  INFO 11892 --- [restartedMain] c.m.c.c.CustomerServiceApplication       : No active profile set, falling back to default profiles: default
2019-08-16 00:03:36.401  INFO 11892 --- [restartedMain] .s.d.r.c.RepositoryConfigurationDelegate : Bootstrapping Spring Data repositories in DEFAULT mode.
2019-08-16 00:03:36.526  INFO 11892 --- [restartedMain] .s.d.r.c.RepositoryConfigurationDelegate : Finished Spring Data repository scanning in 117ms. Found 1 repository interfaces.
2019-08-16 00:03:37.010  INFO 11892 --- [restartedMain] o.s.cloud.context.scope.GenericScope     : BeanFactory id=d28f5c1a-c661-3ae2-9990-4525439dd544
2019-08-16 00:03:37.022  INFO 11892 --- [restartedMain] faultConfiguringBeanFactoryPostProcessor : No bean named 'errorChannel' has been explicitly defined. Therefore, a default PublishSubscribeChannel will be created.
2019-08-16 00:03:37.028  INFO 11892 --- [restartedMain] faultConfiguringBeanFactoryPostProcessor : No bean named 'taskScheduler' has been explicitly defined. Therefore, a default ThreadPoolTaskScheduler will be created.
2019-08-16 00:03:37.033  INFO 11892 --- [restartedMain] faultConfiguringBeanFactoryPostProcessor : No bean named 'integrationHeaderChannelRegistry' has been explicitly defined. Therefore, a default DefaultHeaderChannelRegistry will be created.
2019-08-16 00:03:37.090  INFO 11892 --- [restartedMain] trationDelegate$BeanPostProcessorChecker : Bean 'org.springframework.kafka.annotation.KafkaBootstrapConfiguration' of type [org.springframework.kafka.annotation.KafkaBootstrapConfiguration$$EnhancerBySpringCGLIB$$45bbd640] is not eligible for getting processed by all BeanPostProcessors (for example: not eligible for auto-proxying)
2019-08-16 00:03:37.146  INFO 11892 --- [restartedMain] trationDelegate$BeanPostProcessorChecker : Bean 'org.springframework.transaction.annotation.ProxyTransactionManagementConfiguration' of type [org.springframework.transaction.annotation.ProxyTransactionManagementConfiguration$$EnhancerBySpringCGLIB$$7209c4bd] is not eligible for getting processed by all BeanPostProcessors (for example: not eligible for auto-proxying)
2019-08-16 00:03:37.173  INFO 11892 --- [restartedMain] trationDelegate$BeanPostProcessorChecker : Bean 'integrationDisposableAutoCreatedBeans' of type [org.springframework.integration.config.annotation.Disposables] is not eligible for getting processed by all BeanPostProcessors (for example: not eligible for auto-proxying)
2019-08-16 00:03:37.209  INFO 11892 --- [restartedMain] trationDelegate$BeanPostProcessorChecker : Bean 'org.springframework.integration.config.IntegrationManagementConfiguration' of type [org.springframework.integration.config.IntegrationManagementConfiguration$$EnhancerBySpringCGLIB$$dcfb7fec] is not eligible for getting processed by all BeanPostProcessors (for example: not eligible for auto-proxying)
2019-08-16 00:03:37.217  INFO 11892 --- [restartedMain] trationDelegate$BeanPostProcessorChecker : Bean 'org.springframework.boot.autoconfigure.integration.IntegrationAutoConfiguration$IntegrationJmxConfiguration' of type [org.springframework.boot.autoconfigure.integration.IntegrationAutoConfiguration$IntegrationJmxConfiguration$$EnhancerBySpringCGLIB$$b88d8b0c] is not eligible for getting processed by all BeanPostProcessors (for example: not eligible for auto-proxying)
2019-08-16 00:03:37.225  INFO 11892 --- [restartedMain] trationDelegate$BeanPostProcessorChecker : Bean 'org.springframework.boot.autoconfigure.jmx.JmxAutoConfiguration' of type [org.springframework.boot.autoconfigure.jmx.JmxAutoConfiguration$$EnhancerBySpringCGLIB$$f17533d9] is not eligible for getting processed by all BeanPostProcessors (for example: not eligible for auto-proxying)
2019-08-16 00:03:37.263  INFO 11892 --- [restartedMain] trationDelegate$BeanPostProcessorChecker : Bean 'mbeanServer' of type [com.sun.jmx.mbeanserver.JmxMBeanServer] is not eligible for getting processed by all BeanPostProcessors (for example: not eligible for auto-proxying)
2019-08-16 00:03:37.361  INFO 11892 --- [restartedMain] trationDelegate$BeanPostProcessorChecker : Bean 'org.springframework.cloud.autoconfigure.ConfigurationPropertiesRebinderAutoConfiguration' of type [org.springframework.cloud.autoconfigure.ConfigurationPropertiesRebinderAutoConfiguration$$EnhancerBySpringCGLIB$$8e23c7ba] is not eligible for getting processed by all BeanPostProcessors (for example: not eligible for auto-proxying)
2019-08-16 00:03:39.234  INFO 11892 --- [restartedMain] o.s.b.w.embedded.tomcat.TomcatWebServer  : Tomcat initialized with port(s): 6161 (http)
2019-08-16 00:03:39.566  INFO 11892 --- [restartedMain] o.apache.catalina.core.StandardService   : Starting service [Tomcat]
2019-08-16 00:03:39.566  INFO 11892 --- [restartedMain] org.apache.catalina.core.StandardEngine  : Starting Servlet engine: [Apache Tomcat/9.0.22]
2019-08-16 00:03:39.925  INFO 11892 --- [restartedMain] o.a.c.c.C.[Tomcat].[localhost].[/]       : Initializing Spring embedded WebApplicationContext
2019-08-16 00:03:39.926  INFO 11892 --- [restartedMain] o.s.web.context.ContextLoader            : Root WebApplicationContext: initialization completed in 4969 ms
2019-08-16 00:03:40.659  INFO 11892 --- [restartedMain] com.zaxxer.hikari.HikariDataSource       : HikariPool-1 - Starting...
2019-08-16 00:03:41.407  INFO 11892 --- [restartedMain] com.zaxxer.hikari.HikariDataSource       : HikariPool-1 - Start completed.
2019-08-16 00:03:41.688  INFO 11892 --- [restartedMain] o.hibernate.jpa.internal.util.LogHelper  : HHH000204: Processing PersistenceUnitInfo [
	name: default
	...]
2019-08-16 00:03:42.390  INFO 11892 --- [restartedMain] org.hibernate.Version                    : HHH000412: Hibernate Core {5.3.10.Final}
2019-08-16 00:03:42.392  INFO 11892 --- [restartedMain] org.hibernate.cfg.Environment            : HHH000206: hibernate.properties not found
2019-08-16 00:03:43.976  INFO 11892 --- [restartedMain] o.hibernate.annotations.common.Version   : HCANN000001: Hibernate Commons Annotations {5.0.4.Final}
2019-08-16 00:03:45.220  INFO 11892 --- [restartedMain] org.hibernate.dialect.Dialect            : HHH000400: Using dialect: org.hibernate.dialect.H2Dialect
2019-08-16 00:03:50.406  INFO 11892 --- [restartedMain] j.LocalContainerEntityManagerFactoryBean : Initialized JPA EntityManagerFactory for persistence unit 'default'
2019-08-16 00:03:50.468  WARN 11892 --- [restartedMain] o.s.b.d.a.OptionalLiveReloadServer       : Unable to start LiveReload server
2019-08-16 00:03:51.884  INFO 11892 --- [restartedMain] o.s.s.c.ThreadPoolTaskScheduler          : Initializing ExecutorService 'taskScheduler'
2019-08-16 00:03:52.373  WARN 11892 --- [restartedMain] c.n.c.sources.URLConfigurationSource     : No URLs will be polled as dynamic configuration sources.
2019-08-16 00:03:52.374  INFO 11892 --- [restartedMain] c.n.c.sources.URLConfigurationSource     : To enable URLs as dynamic configuration sources, define System property archaius.configurationSource.additionalUrls or make config.properties available on classpath.
2019-08-16 00:03:52.379  WARN 11892 --- [restartedMain] c.n.c.sources.URLConfigurationSource     : No URLs will be polled as dynamic configuration sources.
2019-08-16 00:03:52.380  INFO 11892 --- [restartedMain] c.n.c.sources.URLConfigurationSource     : To enable URLs as dynamic configuration sources, define System property archaius.configurationSource.additionalUrls or make config.properties available on classpath.
2019-08-16 00:03:52.507  INFO 11892 --- [restartedMain] o.s.s.concurrent.ThreadPoolTaskExecutor  : Initializing ExecutorService 'applicationTaskExecutor'
2019-08-16 00:03:52.547  WARN 11892 --- [restartedMain] aWebConfiguration$JpaWebMvcConfiguration : spring.jpa.open-in-view is enabled by default. Therefore, database queries may be performed during view rendering. Explicitly configure spring.jpa.open-in-view to disable this warning
2019-08-16 00:03:54.333  INFO 11892 --- [restartedMain] o.s.i.monitor.IntegrationMBeanExporter   : Registering MessageChannel notification-in
2019-08-16 00:03:54.403  INFO 11892 --- [restartedMain] o.s.i.monitor.IntegrationMBeanExporter   : Registering MessageChannel nullChannel
2019-08-16 00:03:54.416  INFO 11892 --- [restartedMain] o.s.i.monitor.IntegrationMBeanExporter   : Registering MessageChannel notifications-out
2019-08-16 00:03:54.423  INFO 11892 --- [restartedMain] o.s.i.monitor.IntegrationMBeanExporter   : Registering MessageChannel errorChannel
2019-08-16 00:03:54.457  INFO 11892 --- [restartedMain] o.s.i.monitor.IntegrationMBeanExporter   : Registering MessageHandler errorLogger
2019-08-16 00:03:54.493  INFO 11892 --- [restartedMain] o.s.i.endpoint.EventDrivenConsumer       : Adding {logging-channel-adapter:_org.springframework.integration.errorLogger} as a subscriber to the 'errorChannel' channel
2019-08-16 00:03:54.493  INFO 11892 --- [restartedMain] o.s.i.channel.PublishSubscribeChannel    : Channel 'application-1.errorChannel' has 1 subscriber(s).
2019-08-16 00:03:54.493  INFO 11892 --- [restartedMain] o.s.i.endpoint.EventDrivenConsumer       : started _org.springframework.integration.errorLogger
2019-08-16 00:03:54.820 ERROR 11892 --- [restartedMain] o.s.b.c.l.LoggingApplicationListener     : Cannot set level '' for 'null'
2019-08-16 00:03:54.820 ERROR 11892 --- [restartedMain] o.s.b.c.l.LoggingApplicationListener     : Cannot set level 'FULL' for 'project.user.UserClient'
2019-08-16 00:03:55.209 ERROR 11892 --- [restartedMain] o.s.b.c.l.LoggingApplicationListener     : Cannot set level '' for 'null'
2019-08-16 00:03:55.209 ERROR 11892 --- [restartedMain] o.s.b.c.l.LoggingApplicationListener     : Cannot set level 'FULL' for 'project.user.UserClient'
2019-08-16 00:03:55.692 ERROR 11892 --- [restartedMain] o.s.b.c.l.LoggingApplicationListener     : Cannot set level '' for 'null'
2019-08-16 00:03:55.692 ERROR 11892 --- [restartedMain] o.s.b.c.l.LoggingApplicationListener     : Cannot set level 'FULL' for 'project.user.UserClient'
2019-08-16 00:03:56.033 ERROR 11892 --- [restartedMain] o.s.b.c.l.LoggingApplicationListener     : Cannot set level '' for 'null'
2019-08-16 00:03:56.034 ERROR 11892 --- [restartedMain] o.s.b.c.l.LoggingApplicationListener     : Cannot set level 'FULL' for 'project.user.UserClient'
2019-08-16 00:03:56.157  INFO 11892 --- [restartedMain] o.s.c.s.b.k.p.KafkaTopicProvisioner      : Using kafka topic for outbound: notifications-out
2019-08-16 00:03:56.159  INFO 11892 --- [restartedMain] o.a.k.clients.admin.AdminClientConfig    : AdminClientConfig values: 
	bootstrap.servers = [localhost:9092]
	client.id = 
	connections.max.idle.ms = 300000
	metadata.max.age.ms = 300000
	metric.reporters = []
	metrics.num.samples = 2
	metrics.recording.level = INFO
	metrics.sample.window.ms = 30000
	receive.buffer.bytes = 65536
	reconnect.backoff.max.ms = 1000
	reconnect.backoff.ms = 50
	request.timeout.ms = 120000
	retries = 5
	retry.backoff.ms = 100
	sasl.client.callback.handler.class = null
	sasl.jaas.config = null
	sasl.kerberos.kinit.cmd = /usr/bin/kinit
	sasl.kerberos.min.time.before.relogin = 60000
	sasl.kerberos.service.name = null
	sasl.kerberos.ticket.renew.jitter = 0.05
	sasl.kerberos.ticket.renew.window.factor = 0.8
	sasl.login.callback.handler.class = null
	sasl.login.class = null
	sasl.login.refresh.buffer.seconds = 300
	sasl.login.refresh.min.period.seconds = 60
	sasl.login.refresh.window.factor = 0.8
	sasl.login.refresh.window.jitter = 0.05
	sasl.mechanism = GSSAPI
	security.protocol = PLAINTEXT
	send.buffer.bytes = 131072
	ssl.cipher.suites = null
	ssl.enabled.protocols = [TLSv1.2, TLSv1.1, TLSv1]
	ssl.endpoint.identification.algorithm = https
	ssl.key.password = null
	ssl.keymanager.algorithm = SunX509
	ssl.keystore.location = null
	ssl.keystore.password = null
	ssl.keystore.type = JKS
	ssl.protocol = TLS
	ssl.provider = null
	ssl.secure.random.implementation = null
	ssl.trustmanager.algorithm = PKIX
	ssl.truststore.location = null
	ssl.truststore.password = null
	ssl.truststore.type = JKS

2019-08-16 00:03:56.292  INFO 11892 --- [restartedMain] o.a.kafka.common.utils.AppInfoParser     : Kafka version : 2.0.1
2019-08-16 00:03:56.292  INFO 11892 --- [restartedMain] o.a.kafka.common.utils.AppInfoParser     : Kafka commitId : fa14705e51bd2ce5
2019-08-16 00:03:56.457  INFO 11892 --- [restartedMain] o.a.k.clients.producer.ProducerConfig    : ProducerConfig values: 
	acks = 1
	batch.size = 16384
	bootstrap.servers = [localhost:9092]
	buffer.memory = 33554432
	client.id = 
	compression.type = none
	connections.max.idle.ms = 540000
	enable.idempotence = false
	interceptor.classes = []
	key.serializer = class org.apache.kafka.common.serialization.ByteArraySerializer
	linger.ms = 0
	max.block.ms = 60000
	max.in.flight.requests.per.connection = 5
	max.request.size = 1048576
	metadata.max.age.ms = 300000
	metric.reporters = []
	metrics.num.samples = 2
	metrics.recording.level = INFO
	metrics.sample.window.ms = 30000
	partitioner.class = class org.apache.kafka.clients.producer.internals.DefaultPartitioner
	receive.buffer.bytes = 32768
	reconnect.backoff.max.ms = 1000
	reconnect.backoff.ms = 50
	request.timeout.ms = 30000
	retries = 0
	retry.backoff.ms = 100
	sasl.client.callback.handler.class = null
	sasl.jaas.config = null
	sasl.kerberos.kinit.cmd = /usr/bin/kinit
	sasl.kerberos.min.time.before.relogin = 60000
	sasl.kerberos.service.name = null
	sasl.kerberos.ticket.renew.jitter = 0.05
	sasl.kerberos.ticket.renew.window.factor = 0.8
	sasl.login.callback.handler.class = null
	sasl.login.class = null
	sasl.login.refresh.buffer.seconds = 300
	sasl.login.refresh.min.period.seconds = 60
	sasl.login.refresh.window.factor = 0.8
	sasl.login.refresh.window.jitter = 0.05
	sasl.mechanism = GSSAPI
	security.protocol = PLAINTEXT
	send.buffer.bytes = 131072
	ssl.cipher.suites = null
	ssl.enabled.protocols = [TLSv1.2, TLSv1.1, TLSv1]
	ssl.endpoint.identification.algorithm = https
	ssl.key.password = null
	ssl.keymanager.algorithm = SunX509
	ssl.keystore.location = null
	ssl.keystore.password = null
	ssl.keystore.type = JKS
	ssl.protocol = TLS
	ssl.provider = null
	ssl.secure.random.implementation = null
	ssl.trustmanager.algorithm = PKIX
	ssl.truststore.location = null
	ssl.truststore.password = null
	ssl.truststore.type = JKS
	transaction.timeout.ms = 60000
	transactional.id = null
	value.serializer = class org.apache.kafka.common.serialization.ByteArraySerializer

2019-08-16 00:03:56.476  INFO 11892 --- [restartedMain] o.a.kafka.common.utils.AppInfoParser     : Kafka version : 2.0.1
2019-08-16 00:03:56.476  INFO 11892 --- [restartedMain] o.a.kafka.common.utils.AppInfoParser     : Kafka commitId : fa14705e51bd2ce5
2019-08-16 00:03:56.481  INFO 11892 --- [kafka-producer-network-thread | producer-1] org.apache.kafka.clients.Metadata        : Cluster ID: BCap8tXwTjSurC-nYn-PdQ
2019-08-16 00:03:56.483  INFO 11892 --- [restartedMain] o.a.k.clients.producer.KafkaProducer     : [Producer clientId=producer-1] Closing the Kafka producer with timeoutMillis = 30000 ms.
2019-08-16 00:03:56.497  INFO 11892 --- [restartedMain] o.s.c.s.m.DirectWithAttributesChannel    : Channel 'application-1.notifications-out' has 1 subscriber(s).
2019-08-16 00:03:56.511  INFO 11892 --- [restartedMain] o.s.c.n.eureka.InstanceInfoFactory       : Setting initial instance status as: STARTING
2019-08-16 00:03:56.634  INFO 11892 --- [restartedMain] com.netflix.discovery.DiscoveryClient    : Initializing Eureka in region us-east-1
2019-08-16 00:03:57.080  INFO 11892 --- [restartedMain] c.n.d.provider.DiscoveryJerseyProvider   : Using JSON encoding codec LegacyJacksonJson
2019-08-16 00:03:57.081  INFO 11892 --- [restartedMain] c.n.d.provider.DiscoveryJerseyProvider   : Using JSON decoding codec LegacyJacksonJson
2019-08-16 00:03:57.367  INFO 11892 --- [restartedMain] c.n.d.provider.DiscoveryJerseyProvider   : Using XML encoding codec XStreamXml
2019-08-16 00:03:57.367  INFO 11892 --- [restartedMain] c.n.d.provider.DiscoveryJerseyProvider   : Using XML decoding codec XStreamXml
2019-08-16 00:03:57.577  INFO 11892 --- [restartedMain] c.n.d.s.r.aws.ConfigClusterResolver      : Resolving eureka endpoints via configuration
2019-08-16 00:03:57.752  INFO 11892 --- [restartedMain] com.netflix.discovery.DiscoveryClient    : Disable delta property : false
2019-08-16 00:03:57.752  INFO 11892 --- [restartedMain] com.netflix.discovery.DiscoveryClient    : Single vip registry refresh property : null
2019-08-16 00:03:57.752  INFO 11892 --- [restartedMain] com.netflix.discovery.DiscoveryClient    : Force full registry fetch : false
2019-08-16 00:03:57.752  INFO 11892 --- [restartedMain] com.netflix.discovery.DiscoveryClient    : Application is null : false
2019-08-16 00:03:57.752  INFO 11892 --- [restartedMain] com.netflix.discovery.DiscoveryClient    : Registered Applications size is zero : true
2019-08-16 00:03:57.752  INFO 11892 --- [restartedMain] com.netflix.discovery.DiscoveryClient    : Application version is -1: true
2019-08-16 00:03:57.752  INFO 11892 --- [restartedMain] com.netflix.discovery.DiscoveryClient    : Getting all instance registry info from the eureka server
2019-08-16 00:03:57.996  INFO 11892 --- [restartedMain] com.netflix.discovery.DiscoveryClient    : The response status is 200
2019-08-16 00:03:57.999  INFO 11892 --- [restartedMain] com.netflix.discovery.DiscoveryClient    : Starting heartbeat executor: renew interval is: 30
2019-08-16 00:03:58.002  INFO 11892 --- [restartedMain] c.n.discovery.InstanceInfoReplicator     : InstanceInfoReplicator onDemand update allowed rate per min is 4
2019-08-16 00:03:58.005  INFO 11892 --- [restartedMain] com.netflix.discovery.DiscoveryClient    : Discovery Client initialized at timestamp 1565931838004 with initial instances count: 4
2019-08-16 00:03:58.009  INFO 11892 --- [restartedMain] o.s.c.n.e.s.EurekaServiceRegistry        : Registering application CUSTOMER-SERVICE with eureka with status UP
2019-08-16 00:03:58.009  INFO 11892 --- [restartedMain] com.netflix.discovery.DiscoveryClient    : Saw local status change event StatusChangeEvent [timestamp=1565931838009, current=UP, previous=STARTING]
2019-08-16 00:03:58.012  INFO 11892 --- [DiscoveryClient-InstanceInfoReplicator-0] com.netflix.discovery.DiscoveryClient    : DiscoveryClient_CUSTOMER-SERVICE/DESKTOP-MBUOBKB:customer-service:6161: registering service...
2019-08-16 00:03:58.063  INFO 11892 --- [restartedMain] o.a.k.clients.admin.AdminClientConfig    : AdminClientConfig values: 
	bootstrap.servers = [localhost:9092]
	client.id = 
	connections.max.idle.ms = 300000
	metadata.max.age.ms = 300000
	metric.reporters = []
	metrics.num.samples = 2
	metrics.recording.level = INFO
	metrics.sample.window.ms = 30000
	receive.buffer.bytes = 65536
	reconnect.backoff.max.ms = 1000
	reconnect.backoff.ms = 50
	request.timeout.ms = 120000
	retries = 5
	retry.backoff.ms = 100
	sasl.client.callback.handler.class = null
	sasl.jaas.config = null
	sasl.kerberos.kinit.cmd = /usr/bin/kinit
	sasl.kerberos.min.time.before.relogin = 60000
	sasl.kerberos.service.name = null
	sasl.kerberos.ticket.renew.jitter = 0.05
	sasl.kerberos.ticket.renew.window.factor = 0.8
	sasl.login.callback.handler.class = null
	sasl.login.class = null
	sasl.login.refresh.buffer.seconds = 300
	sasl.login.refresh.min.period.seconds = 60
	sasl.login.refresh.window.factor = 0.8
	sasl.login.refresh.window.jitter = 0.05
	sasl.mechanism = GSSAPI
	security.protocol = PLAINTEXT
	send.buffer.bytes = 131072
	ssl.cipher.suites = null
	ssl.enabled.protocols = [TLSv1.2, TLSv1.1, TLSv1]
	ssl.endpoint.identification.algorithm = https
	ssl.key.password = null
	ssl.keymanager.algorithm = SunX509
	ssl.keystore.location = null
	ssl.keystore.password = null
	ssl.keystore.type = JKS
	ssl.protocol = TLS
	ssl.provider = null
	ssl.secure.random.implementation = null
	ssl.trustmanager.algorithm = PKIX
	ssl.truststore.location = null
	ssl.truststore.password = null
	ssl.truststore.type = JKS

2019-08-16 00:03:58.067  INFO 11892 --- [restartedMain] o.a.kafka.common.utils.AppInfoParser     : Kafka version : 2.0.1
2019-08-16 00:03:58.067  INFO 11892 --- [restartedMain] o.a.kafka.common.utils.AppInfoParser     : Kafka commitId : fa14705e51bd2ce5
2019-08-16 00:03:58.082  INFO 11892 --- [DiscoveryClient-InstanceInfoReplicator-0] com.netflix.discovery.DiscoveryClient    : DiscoveryClient_CUSTOMER-SERVICE/DESKTOP-MBUOBKB:customer-service:6161 - registration status: 204
2019-08-16 00:03:58.087  INFO 11892 --- [restartedMain] o.a.k.clients.consumer.ConsumerConfig    : ConsumerConfig values: 
	auto.commit.interval.ms = 100
	auto.offset.reset = latest
	bootstrap.servers = [localhost:9092]
	check.crcs = true
	client.id = 
	connections.max.idle.ms = 540000
	default.api.timeout.ms = 60000
	enable.auto.commit = false
	exclude.internal.topics = true
	fetch.max.bytes = 52428800
	fetch.max.wait.ms = 500
	fetch.min.bytes = 1
	group.id = anonymous.0422f1d5-fbf2-4fbc-aa4c-40e70d03cd82
	heartbeat.interval.ms = 3000
	interceptor.classes = []
	internal.leave.group.on.close = true
	isolation.level = read_uncommitted
	key.deserializer = class org.apache.kafka.common.serialization.ByteArrayDeserializer
	max.partition.fetch.bytes = 1048576
	max.poll.interval.ms = 300000
	max.poll.records = 500
	metadata.max.age.ms = 300000
	metric.reporters = []
	metrics.num.samples = 2
	metrics.recording.level = INFO
	metrics.sample.window.ms = 30000
	partition.assignment.strategy = [class org.apache.kafka.clients.consumer.RangeAssignor]
	receive.buffer.bytes = 65536
	reconnect.backoff.max.ms = 1000
	reconnect.backoff.ms = 50
	request.timeout.ms = 30000
	retry.backoff.ms = 100
	sasl.client.callback.handler.class = null
	sasl.jaas.config = null
	sasl.kerberos.kinit.cmd = /usr/bin/kinit
	sasl.kerberos.min.time.before.relogin = 60000
	sasl.kerberos.service.name = null
	sasl.kerberos.ticket.renew.jitter = 0.05
	sasl.kerberos.ticket.renew.window.factor = 0.8
	sasl.login.callback.handler.class = null
	sasl.login.class = null
	sasl.login.refresh.buffer.seconds = 300
	sasl.login.refresh.min.period.seconds = 60
	sasl.login.refresh.window.factor = 0.8
	sasl.login.refresh.window.jitter = 0.05
	sasl.mechanism = GSSAPI
	security.protocol = PLAINTEXT
	send.buffer.bytes = 131072
	session.timeout.ms = 10000
	ssl.cipher.suites = null
	ssl.enabled.protocols = [TLSv1.2, TLSv1.1, TLSv1]
	ssl.endpoint.identification.algorithm = https
	ssl.key.password = null
	ssl.keymanager.algorithm = SunX509
	ssl.keystore.location = null
	ssl.keystore.password = null
	ssl.keystore.type = JKS
	ssl.protocol = TLS
	ssl.provider = null
	ssl.secure.random.implementation = null
	ssl.trustmanager.algorithm = PKIX
	ssl.truststore.location = null
	ssl.truststore.password = null
	ssl.truststore.type = JKS
	value.deserializer = class org.apache.kafka.common.serialization.ByteArrayDeserializer

2019-08-16 00:03:58.114  INFO 11892 --- [restartedMain] o.a.kafka.common.utils.AppInfoParser     : Kafka version : 2.0.1
2019-08-16 00:03:58.114  INFO 11892 --- [restartedMain] o.a.kafka.common.utils.AppInfoParser     : Kafka commitId : fa14705e51bd2ce5
2019-08-16 00:03:58.122  INFO 11892 --- [restartedMain] org.apache.kafka.clients.Metadata        : Cluster ID: BCap8tXwTjSurC-nYn-PdQ
2019-08-16 00:03:58.156  INFO 11892 --- [restartedMain] o.s.i.monitor.IntegrationMBeanExporter   : Registering MessageChannel notification.anonymous.0422f1d5-fbf2-4fbc-aa4c-40e70d03cd82.errors
2019-08-16 00:03:58.196  INFO 11892 --- [restartedMain] o.s.c.stream.binder.BinderErrorChannel   : Channel 'application-1.notification.anonymous.0422f1d5-fbf2-4fbc-aa4c-40e70d03cd82.errors' has 1 subscriber(s).
2019-08-16 00:03:58.196  INFO 11892 --- [restartedMain] o.s.c.stream.binder.BinderErrorChannel   : Channel 'application-1.notification.anonymous.0422f1d5-fbf2-4fbc-aa4c-40e70d03cd82.errors' has 0 subscriber(s).
2019-08-16 00:03:58.197  INFO 11892 --- [restartedMain] o.s.c.stream.binder.BinderErrorChannel   : Channel 'application-1.notification.anonymous.0422f1d5-fbf2-4fbc-aa4c-40e70d03cd82.errors' has 1 subscriber(s).
2019-08-16 00:03:58.197  INFO 11892 --- [restartedMain] o.s.c.stream.binder.BinderErrorChannel   : Channel 'application-1.notification.anonymous.0422f1d5-fbf2-4fbc-aa4c-40e70d03cd82.errors' has 2 subscriber(s).
2019-08-16 00:03:58.214  INFO 11892 --- [restartedMain] o.a.k.clients.consumer.ConsumerConfig    : ConsumerConfig values: 
	auto.commit.interval.ms = 100
	auto.offset.reset = latest
	bootstrap.servers = [localhost:9092]
	check.crcs = true
	client.id = 
	connections.max.idle.ms = 540000
	default.api.timeout.ms = 60000
	enable.auto.commit = false
	exclude.internal.topics = true
	fetch.max.bytes = 52428800
	fetch.max.wait.ms = 500
	fetch.min.bytes = 1
	group.id = anonymous.0422f1d5-fbf2-4fbc-aa4c-40e70d03cd82
	heartbeat.interval.ms = 3000
	interceptor.classes = []
	internal.leave.group.on.close = true
	isolation.level = read_uncommitted
	key.deserializer = class org.apache.kafka.common.serialization.ByteArrayDeserializer
	max.partition.fetch.bytes = 1048576
	max.poll.interval.ms = 300000
	max.poll.records = 500
	metadata.max.age.ms = 300000
	metric.reporters = []
	metrics.num.samples = 2
	metrics.recording.level = INFO
	metrics.sample.window.ms = 30000
	partition.assignment.strategy = [class org.apache.kafka.clients.consumer.RangeAssignor]
	receive.buffer.bytes = 65536
	reconnect.backoff.max.ms = 1000
	reconnect.backoff.ms = 50
	request.timeout.ms = 30000
	retry.backoff.ms = 100
	sasl.client.callback.handler.class = null
	sasl.jaas.config = null
	sasl.kerberos.kinit.cmd = /usr/bin/kinit
	sasl.kerberos.min.time.before.relogin = 60000
	sasl.kerberos.service.name = null
	sasl.kerberos.ticket.renew.jitter = 0.05
	sasl.kerberos.ticket.renew.window.factor = 0.8
	sasl.login.callback.handler.class = null
	sasl.login.class = null
	sasl.login.refresh.buffer.seconds = 300
	sasl.login.refresh.min.period.seconds = 60
	sasl.login.refresh.window.factor = 0.8
	sasl.login.refresh.window.jitter = 0.05
	sasl.mechanism = GSSAPI
	security.protocol = PLAINTEXT
	send.buffer.bytes = 131072
	session.timeout.ms = 10000
	ssl.cipher.suites = null
	ssl.enabled.protocols = [TLSv1.2, TLSv1.1, TLSv1]
	ssl.endpoint.identification.algorithm = https
	ssl.key.password = null
	ssl.keymanager.algorithm = SunX509
	ssl.keystore.location = null
	ssl.keystore.password = null
	ssl.keystore.type = JKS
	ssl.protocol = TLS
	ssl.provider = null
	ssl.secure.random.implementation = null
	ssl.trustmanager.algorithm = PKIX
	ssl.truststore.location = null
	ssl.truststore.password = null
	ssl.truststore.type = JKS
	value.deserializer = class org.apache.kafka.common.serialization.ByteArrayDeserializer

2019-08-16 00:03:58.218  INFO 11892 --- [restartedMain] o.a.kafka.common.utils.AppInfoParser     : Kafka version : 2.0.1
2019-08-16 00:03:58.218  INFO 11892 --- [restartedMain] o.a.kafka.common.utils.AppInfoParser     : Kafka commitId : fa14705e51bd2ce5
2019-08-16 00:03:58.223  INFO 11892 --- [restartedMain] org.apache.kafka.clients.Metadata        : Cluster ID: BCap8tXwTjSurC-nYn-PdQ
2019-08-16 00:03:58.232  INFO 11892 --- [restartedMain] o.a.k.clients.consumer.ConsumerConfig    : ConsumerConfig values: 
	auto.commit.interval.ms = 100
	auto.offset.reset = latest
	bootstrap.servers = [localhost:9092]
	check.crcs = true
	client.id = 
	connections.max.idle.ms = 540000
	default.api.timeout.ms = 60000
	enable.auto.commit = false
	exclude.internal.topics = true
	fetch.max.bytes = 52428800
	fetch.max.wait.ms = 500
	fetch.min.bytes = 1
	group.id = anonymous.0422f1d5-fbf2-4fbc-aa4c-40e70d03cd82
	heartbeat.interval.ms = 3000
	interceptor.classes = []
	internal.leave.group.on.close = true
	isolation.level = read_uncommitted
	key.deserializer = class org.apache.kafka.common.serialization.ByteArrayDeserializer
	max.partition.fetch.bytes = 1048576
	max.poll.interval.ms = 300000
	max.poll.records = 500
	metadata.max.age.ms = 300000
	metric.reporters = []
	metrics.num.samples = 2
	metrics.recording.level = INFO
	metrics.sample.window.ms = 30000
	partition.assignment.strategy = [class org.apache.kafka.clients.consumer.RangeAssignor]
	receive.buffer.bytes = 65536
	reconnect.backoff.max.ms = 1000
	reconnect.backoff.ms = 50
	request.timeout.ms = 30000
	retry.backoff.ms = 100
	sasl.client.callback.handler.class = null
	sasl.jaas.config = null
	sasl.kerberos.kinit.cmd = /usr/bin/kinit
	sasl.kerberos.min.time.before.relogin = 60000
	sasl.kerberos.service.name = null
	sasl.kerberos.ticket.renew.jitter = 0.05
	sasl.kerberos.ticket.renew.window.factor = 0.8
	sasl.login.callback.handler.class = null
	sasl.login.class = null
	sasl.login.refresh.buffer.seconds = 300
	sasl.login.refresh.min.period.seconds = 60
	sasl.login.refresh.window.factor = 0.8
	sasl.login.refresh.window.jitter = 0.05
	sasl.mechanism = GSSAPI
	security.protocol = PLAINTEXT
	send.buffer.bytes = 131072
	session.timeout.ms = 10000
	ssl.cipher.suites = null
	ssl.enabled.protocols = [TLSv1.2, TLSv1.1, TLSv1]
	ssl.endpoint.identification.algorithm = https
	ssl.key.password = null
	ssl.keymanager.algorithm = SunX509
	ssl.keystore.location = null
	ssl.keystore.password = null
	ssl.keystore.type = JKS
	ssl.protocol = TLS
	ssl.provider = null
	ssl.secure.random.implementation = null
	ssl.trustmanager.algorithm = PKIX
	ssl.truststore.location = null
	ssl.truststore.password = null
	ssl.truststore.type = JKS
	value.deserializer = class org.apache.kafka.common.serialization.ByteArrayDeserializer

2019-08-16 00:03:58.235  INFO 11892 --- [restartedMain] o.a.kafka.common.utils.AppInfoParser     : Kafka version : 2.0.1
2019-08-16 00:03:58.235  INFO 11892 --- [restartedMain] o.a.kafka.common.utils.AppInfoParser     : Kafka commitId : fa14705e51bd2ce5
2019-08-16 00:03:58.240  INFO 11892 --- [restartedMain] o.s.s.c.ThreadPoolTaskScheduler          : Initializing ExecutorService
2019-08-16 00:03:58.245  INFO 11892 --- [restartedMain] s.i.k.i.KafkaMessageDrivenChannelAdapter : started org.springframework.integration.kafka.inbound.KafkaMessageDrivenChannelAdapter@59d2fdf9
2019-08-16 00:03:58.264  INFO 11892 --- [[Ljava.lang.String;@267ce651.container-0-C-1] org.apache.kafka.clients.Metadata        : Cluster ID: BCap8tXwTjSurC-nYn-PdQ
2019-08-16 00:03:58.265  INFO 11892 --- [[Ljava.lang.String;@267ce651.container-0-C-1] o.a.k.c.c.internals.AbstractCoordinator  : [Consumer clientId=consumer-3, groupId=anonymous.0422f1d5-fbf2-4fbc-aa4c-40e70d03cd82] Discovered group coordinator DESKTOP-MBUOBKB:9092 (id: 2147483647 rack: null)
2019-08-16 00:03:58.268  INFO 11892 --- [[Ljava.lang.String;@267ce651.container-0-C-1] o.a.k.c.c.internals.ConsumerCoordinator  : [Consumer clientId=consumer-3, groupId=anonymous.0422f1d5-fbf2-4fbc-aa4c-40e70d03cd82] Revoking previously assigned partitions []
2019-08-16 00:03:58.268  INFO 11892 --- [[Ljava.lang.String;@267ce651.container-0-C-1] o.s.c.s.b.k.KafkaMessageChannelBinder$1  : partitions revoked: []
2019-08-16 00:03:58.269  INFO 11892 --- [[Ljava.lang.String;@267ce651.container-0-C-1] o.a.k.c.c.internals.AbstractCoordinator  : [Consumer clientId=consumer-3, groupId=anonymous.0422f1d5-fbf2-4fbc-aa4c-40e70d03cd82] (Re-)joining group
2019-08-16 00:03:58.309  INFO 11892 --- [restartedMain] o.s.b.w.embedded.tomcat.TomcatWebServer  : Tomcat started on port(s): 6161 (http) with context path ''
2019-08-16 00:03:58.310  INFO 11892 --- [restartedMain] .s.c.n.e.s.EurekaAutoServiceRegistration : Updating port to 6161
2019-08-16 00:03:58.313  INFO 11892 --- [restartedMain] c.m.c.c.CustomerServiceApplication       : Started CustomerServiceApplication in 27.162 seconds (JVM running for 34.48)
2019-08-16 00:03:58.362  INFO 11892 --- [[Ljava.lang.String;@267ce651.container-0-C-1] o.a.k.c.c.internals.AbstractCoordinator  : [Consumer clientId=consumer-3, groupId=anonymous.0422f1d5-fbf2-4fbc-aa4c-40e70d03cd82] Successfully joined group with generation 1
2019-08-16 00:03:58.365  INFO 11892 --- [[Ljava.lang.String;@267ce651.container-0-C-1] o.a.k.c.c.internals.ConsumerCoordinator  : [Consumer clientId=consumer-3, groupId=anonymous.0422f1d5-fbf2-4fbc-aa4c-40e70d03cd82] Setting newly assigned partitions [notification-0]
2019-08-16 00:03:58.384  INFO 11892 --- [[Ljava.lang.String;@267ce651.container-0-C-1] o.a.k.c.consumer.internals.Fetcher       : [Consumer clientId=consumer-3, groupId=anonymous.0422f1d5-fbf2-4fbc-aa4c-40e70d03cd82] Resetting offset for partition notification-0 to offset 0.
2019-08-16 00:03:58.391  INFO 11892 --- [[Ljava.lang.String;@267ce651.container-0-C-1] o.s.c.s.b.k.KafkaMessageChannelBinder$1  : partitions assigned: [notification-0]
2019-08-16 00:05:26.605  INFO 11892 --- [http-nio-6161-exec-2] o.apache.coyote.http11.Http11Processor   : Error parsing HTTP request header
 Note: further occurrences of HTTP request parsing errors will be logged at DEBUG level.

java.lang.IllegalArgumentException: Invalid character found in method name. HTTP method names must be tokens
	at org.apache.coyote.http11.Http11InputBuffer.parseRequestLine(Http11InputBuffer.java:415) ~[tomcat-embed-core-9.0.22.jar:9.0.22]
	at org.apache.coyote.http11.Http11Processor.service(Http11Processor.java:294) ~[tomcat-embed-core-9.0.22.jar:9.0.22]
	at org.apache.coyote.AbstractProcessorLight.process(AbstractProcessorLight.java:66) [tomcat-embed-core-9.0.22.jar:9.0.22]
	at org.apache.coyote.AbstractProtocol$ConnectionHandler.process(AbstractProtocol.java:853) [tomcat-embed-core-9.0.22.jar:9.0.22]
	at org.apache.tomcat.util.net.NioEndpoint$SocketProcessor.doRun(NioEndpoint.java:1587) [tomcat-embed-core-9.0.22.jar:9.0.22]
	at org.apache.tomcat.util.net.SocketProcessorBase.run(SocketProcessorBase.java:49) [tomcat-embed-core-9.0.22.jar:9.0.22]
	at java.util.concurrent.ThreadPoolExecutor.runWorker(Unknown Source) [na:1.8.0_161]
	at java.util.concurrent.ThreadPoolExecutor$Worker.run(Unknown Source) [na:1.8.0_161]
	at org.apache.tomcat.util.threads.TaskThread$WrappingRunnable.run(TaskThread.java:61) [tomcat-embed-core-9.0.22.jar:9.0.22]
	at java.lang.Thread.run(Unknown Source) [na:1.8.0_161]

2019-08-16 00:05:26.605  INFO 11892 --- [http-nio-6161-exec-1] o.apache.coyote.http11.Http11Processor   : Error parsing HTTP request header
 Note: further occurrences of HTTP request parsing errors will be logged at DEBUG level.

java.lang.IllegalArgumentException: Invalid character found in method name. HTTP method names must be tokens
	at org.apache.coyote.http11.Http11InputBuffer.parseRequestLine(Http11InputBuffer.java:415) ~[tomcat-embed-core-9.0.22.jar:9.0.22]
	at org.apache.coyote.http11.Http11Processor.service(Http11Processor.java:294) ~[tomcat-embed-core-9.0.22.jar:9.0.22]
	at org.apache.coyote.AbstractProcessorLight.process(AbstractProcessorLight.java:66) [tomcat-embed-core-9.0.22.jar:9.0.22]
	at org.apache.coyote.AbstractProtocol$ConnectionHandler.process(AbstractProtocol.java:853) [tomcat-embed-core-9.0.22.jar:9.0.22]
	at org.apache.tomcat.util.net.NioEndpoint$SocketProcessor.doRun(NioEndpoint.java:1587) [tomcat-embed-core-9.0.22.jar:9.0.22]
	at org.apache.tomcat.util.net.SocketProcessorBase.run(SocketProcessorBase.java:49) [tomcat-embed-core-9.0.22.jar:9.0.22]
	at java.util.concurrent.ThreadPoolExecutor.runWorker(Unknown Source) [na:1.8.0_161]
	at java.util.concurrent.ThreadPoolExecutor$Worker.run(Unknown Source) [na:1.8.0_161]
	at org.apache.tomcat.util.threads.TaskThread$WrappingRunnable.run(TaskThread.java:61) [tomcat-embed-core-9.0.22.jar:9.0.22]
	at java.lang.Thread.run(Unknown Source) [na:1.8.0_161]

2019-08-16 22:45:05.439 ERROR 10368 --- [restartedMain] o.s.b.c.l.LoggingApplicationListener     : Cannot set level '' for 'null'
2019-08-16 22:45:05.448 ERROR 10368 --- [restartedMain] o.s.b.c.l.LoggingApplicationListener     : Cannot set level 'FULL' for 'project.user.UserClient'
2019-08-16 22:45:05.466  INFO 10368 --- [restartedMain] c.m.c.c.CustomerServiceApplication       : No active profile set, falling back to default profiles: default
2019-08-16 22:45:06.680  INFO 10368 --- [restartedMain] .s.d.r.c.RepositoryConfigurationDelegate : Bootstrapping Spring Data repositories in DEFAULT mode.
2019-08-16 22:45:06.774  INFO 10368 --- [restartedMain] .s.d.r.c.RepositoryConfigurationDelegate : Finished Spring Data repository scanning in 80ms. Found 1 repository interfaces.
2019-08-16 22:45:07.480  INFO 10368 --- [restartedMain] o.s.cloud.context.scope.GenericScope     : BeanFactory id=d28f5c1a-c661-3ae2-9990-4525439dd544
2019-08-16 22:45:07.496  INFO 10368 --- [restartedMain] faultConfiguringBeanFactoryPostProcessor : No bean named 'errorChannel' has been explicitly defined. Therefore, a default PublishSubscribeChannel will be created.
2019-08-16 22:45:07.501  INFO 10368 --- [restartedMain] faultConfiguringBeanFactoryPostProcessor : No bean named 'taskScheduler' has been explicitly defined. Therefore, a default ThreadPoolTaskScheduler will be created.
2019-08-16 22:45:07.508  INFO 10368 --- [restartedMain] faultConfiguringBeanFactoryPostProcessor : No bean named 'integrationHeaderChannelRegistry' has been explicitly defined. Therefore, a default DefaultHeaderChannelRegistry will be created.
2019-08-16 22:45:07.581  INFO 10368 --- [restartedMain] trationDelegate$BeanPostProcessorChecker : Bean 'org.springframework.kafka.annotation.KafkaBootstrapConfiguration' of type [org.springframework.kafka.annotation.KafkaBootstrapConfiguration$$EnhancerBySpringCGLIB$$c483190d] is not eligible for getting processed by all BeanPostProcessors (for example: not eligible for auto-proxying)
2019-08-16 22:45:07.652  INFO 10368 --- [restartedMain] trationDelegate$BeanPostProcessorChecker : Bean 'org.springframework.transaction.annotation.ProxyTransactionManagementConfiguration' of type [org.springframework.transaction.annotation.ProxyTransactionManagementConfiguration$$EnhancerBySpringCGLIB$$f0d1078a] is not eligible for getting processed by all BeanPostProcessors (for example: not eligible for auto-proxying)
2019-08-16 22:45:07.684  INFO 10368 --- [restartedMain] trationDelegate$BeanPostProcessorChecker : Bean 'integrationDisposableAutoCreatedBeans' of type [org.springframework.integration.config.annotation.Disposables] is not eligible for getting processed by all BeanPostProcessors (for example: not eligible for auto-proxying)
2019-08-16 22:45:07.727  INFO 10368 --- [restartedMain] trationDelegate$BeanPostProcessorChecker : Bean 'org.springframework.integration.config.IntegrationManagementConfiguration' of type [org.springframework.integration.config.IntegrationManagementConfiguration$$EnhancerBySpringCGLIB$$5bc2c2b9] is not eligible for getting processed by all BeanPostProcessors (for example: not eligible for auto-proxying)
2019-08-16 22:45:07.736  INFO 10368 --- [restartedMain] trationDelegate$BeanPostProcessorChecker : Bean 'org.springframework.boot.autoconfigure.integration.IntegrationAutoConfiguration$IntegrationJmxConfiguration' of type [org.springframework.boot.autoconfigure.integration.IntegrationAutoConfiguration$IntegrationJmxConfiguration$$EnhancerBySpringCGLIB$$3754cdd9] is not eligible for getting processed by all BeanPostProcessors (for example: not eligible for auto-proxying)
2019-08-16 22:45:07.755  INFO 10368 --- [restartedMain] trationDelegate$BeanPostProcessorChecker : Bean 'org.springframework.boot.autoconfigure.jmx.JmxAutoConfiguration' of type [org.springframework.boot.autoconfigure.jmx.JmxAutoConfiguration$$EnhancerBySpringCGLIB$$703c76a6] is not eligible for getting processed by all BeanPostProcessors (for example: not eligible for auto-proxying)
2019-08-16 22:45:07.763  INFO 10368 --- [restartedMain] trationDelegate$BeanPostProcessorChecker : Bean 'mbeanServer' of type [com.sun.jmx.mbeanserver.JmxMBeanServer] is not eligible for getting processed by all BeanPostProcessors (for example: not eligible for auto-proxying)
2019-08-16 22:45:07.782  INFO 10368 --- [restartedMain] trationDelegate$BeanPostProcessorChecker : Bean 'org.springframework.cloud.autoconfigure.ConfigurationPropertiesRebinderAutoConfiguration' of type [org.springframework.cloud.autoconfigure.ConfigurationPropertiesRebinderAutoConfiguration$$EnhancerBySpringCGLIB$$ceb0a87] is not eligible for getting processed by all BeanPostProcessors (for example: not eligible for auto-proxying)
2019-08-16 22:45:08.881  INFO 10368 --- [restartedMain] o.s.b.w.embedded.tomcat.TomcatWebServer  : Tomcat initialized with port(s): 6161 (http)
2019-08-16 22:45:08.912  INFO 10368 --- [restartedMain] o.apache.catalina.core.StandardService   : Starting service [Tomcat]
2019-08-16 22:45:08.913  INFO 10368 --- [restartedMain] org.apache.catalina.core.StandardEngine  : Starting Servlet engine: [Apache Tomcat/9.0.22]
2019-08-16 22:45:09.148  INFO 10368 --- [restartedMain] o.a.c.c.C.[Tomcat].[localhost].[/]       : Initializing Spring embedded WebApplicationContext
2019-08-16 22:45:09.148  INFO 10368 --- [restartedMain] o.s.web.context.ContextLoader            : Root WebApplicationContext: initialization completed in 3658 ms
2019-08-16 22:45:09.532  INFO 10368 --- [restartedMain] com.zaxxer.hikari.HikariDataSource       : HikariPool-1 - Starting...
2019-08-16 22:45:10.196  INFO 10368 --- [restartedMain] com.zaxxer.hikari.HikariDataSource       : HikariPool-1 - Start completed.
2019-08-16 22:45:10.272  INFO 10368 --- [restartedMain] o.hibernate.jpa.internal.util.LogHelper  : HHH000204: Processing PersistenceUnitInfo [
	name: default
	...]
2019-08-16 22:45:10.350  INFO 10368 --- [restartedMain] org.hibernate.Version                    : HHH000412: Hibernate Core {5.3.10.Final}
2019-08-16 22:45:10.352  INFO 10368 --- [restartedMain] org.hibernate.cfg.Environment            : HHH000206: hibernate.properties not found
2019-08-16 22:45:10.550  INFO 10368 --- [restartedMain] o.hibernate.annotations.common.Version   : HCANN000001: Hibernate Commons Annotations {5.0.4.Final}
2019-08-16 22:45:10.755  INFO 10368 --- [restartedMain] org.hibernate.dialect.Dialect            : HHH000400: Using dialect: org.hibernate.dialect.H2Dialect
2019-08-16 22:45:11.689  INFO 10368 --- [restartedMain] j.LocalContainerEntityManagerFactoryBean : Initialized JPA EntityManagerFactory for persistence unit 'default'
2019-08-16 22:45:11.754  WARN 10368 --- [restartedMain] o.s.b.d.a.OptionalLiveReloadServer       : Unable to start LiveReload server
2019-08-16 22:45:12.751  INFO 10368 --- [restartedMain] o.s.s.c.ThreadPoolTaskScheduler          : Initializing ExecutorService 'taskScheduler'
2019-08-16 22:45:13.197  WARN 10368 --- [restartedMain] c.n.c.sources.URLConfigurationSource     : No URLs will be polled as dynamic configuration sources.
2019-08-16 22:45:13.198  INFO 10368 --- [restartedMain] c.n.c.sources.URLConfigurationSource     : To enable URLs as dynamic configuration sources, define System property archaius.configurationSource.additionalUrls or make config.properties available on classpath.
2019-08-16 22:45:13.202  WARN 10368 --- [restartedMain] c.n.c.sources.URLConfigurationSource     : No URLs will be polled as dynamic configuration sources.
2019-08-16 22:45:13.203  INFO 10368 --- [restartedMain] c.n.c.sources.URLConfigurationSource     : To enable URLs as dynamic configuration sources, define System property archaius.configurationSource.additionalUrls or make config.properties available on classpath.
2019-08-16 22:45:13.627  INFO 10368 --- [restartedMain] o.s.s.concurrent.ThreadPoolTaskExecutor  : Initializing ExecutorService 'applicationTaskExecutor'
2019-08-16 22:45:13.688  WARN 10368 --- [restartedMain] aWebConfiguration$JpaWebMvcConfiguration : spring.jpa.open-in-view is enabled by default. Therefore, database queries may be performed during view rendering. Explicitly configure spring.jpa.open-in-view to disable this warning
2019-08-16 22:45:15.383  INFO 10368 --- [restartedMain] o.s.i.monitor.IntegrationMBeanExporter   : Registering MessageChannel nullChannel
2019-08-16 22:45:15.420  INFO 10368 --- [restartedMain] o.s.i.monitor.IntegrationMBeanExporter   : Registering MessageChannel notification-in
2019-08-16 22:45:15.621  INFO 10368 --- [restartedMain] o.s.i.monitor.IntegrationMBeanExporter   : Registering MessageChannel notifications-out
2019-08-16 22:45:15.634  INFO 10368 --- [restartedMain] o.s.i.monitor.IntegrationMBeanExporter   : Registering MessageChannel errorChannel
2019-08-16 22:45:15.707  INFO 10368 --- [restartedMain] o.s.i.monitor.IntegrationMBeanExporter   : Registering MessageHandler errorLogger
2019-08-16 22:45:15.775  INFO 10368 --- [restartedMain] o.s.i.endpoint.EventDrivenConsumer       : Adding {logging-channel-adapter:_org.springframework.integration.errorLogger} as a subscriber to the 'errorChannel' channel
2019-08-16 22:45:15.776  INFO 10368 --- [restartedMain] o.s.i.channel.PublishSubscribeChannel    : Channel 'application-1.errorChannel' has 1 subscriber(s).
2019-08-16 22:45:15.776  INFO 10368 --- [restartedMain] o.s.i.endpoint.EventDrivenConsumer       : started _org.springframework.integration.errorLogger
2019-08-16 22:45:16.237 ERROR 10368 --- [restartedMain] o.s.b.c.l.LoggingApplicationListener     : Cannot set level '' for 'null'
2019-08-16 22:45:16.237 ERROR 10368 --- [restartedMain] o.s.b.c.l.LoggingApplicationListener     : Cannot set level 'FULL' for 'project.user.UserClient'
2019-08-16 22:45:17.140 ERROR 10368 --- [restartedMain] o.s.b.c.l.LoggingApplicationListener     : Cannot set level '' for 'null'
2019-08-16 22:45:17.141 ERROR 10368 --- [restartedMain] o.s.b.c.l.LoggingApplicationListener     : Cannot set level 'FULL' for 'project.user.UserClient'
2019-08-16 22:45:17.874 ERROR 10368 --- [restartedMain] o.s.b.c.l.LoggingApplicationListener     : Cannot set level '' for 'null'
2019-08-16 22:45:17.875 ERROR 10368 --- [restartedMain] o.s.b.c.l.LoggingApplicationListener     : Cannot set level 'FULL' for 'project.user.UserClient'
2019-08-16 22:45:18.573 ERROR 10368 --- [restartedMain] o.s.b.c.l.LoggingApplicationListener     : Cannot set level '' for 'null'
2019-08-16 22:45:18.574 ERROR 10368 --- [restartedMain] o.s.b.c.l.LoggingApplicationListener     : Cannot set level 'FULL' for 'project.user.UserClient'
2019-08-16 22:45:18.726  INFO 10368 --- [restartedMain] o.s.c.s.b.k.p.KafkaTopicProvisioner      : Using kafka topic for outbound: notifications-out
2019-08-16 22:45:18.729  INFO 10368 --- [restartedMain] o.a.k.clients.admin.AdminClientConfig    : AdminClientConfig values: 
	bootstrap.servers = [localhost:9092]
	client.id = 
	connections.max.idle.ms = 300000
	metadata.max.age.ms = 300000
	metric.reporters = []
	metrics.num.samples = 2
	metrics.recording.level = INFO
	metrics.sample.window.ms = 30000
	receive.buffer.bytes = 65536
	reconnect.backoff.max.ms = 1000
	reconnect.backoff.ms = 50
	request.timeout.ms = 120000
	retries = 5
	retry.backoff.ms = 100
	sasl.client.callback.handler.class = null
	sasl.jaas.config = null
	sasl.kerberos.kinit.cmd = /usr/bin/kinit
	sasl.kerberos.min.time.before.relogin = 60000
	sasl.kerberos.service.name = null
	sasl.kerberos.ticket.renew.jitter = 0.05
	sasl.kerberos.ticket.renew.window.factor = 0.8
	sasl.login.callback.handler.class = null
	sasl.login.class = null
	sasl.login.refresh.buffer.seconds = 300
	sasl.login.refresh.min.period.seconds = 60
	sasl.login.refresh.window.factor = 0.8
	sasl.login.refresh.window.jitter = 0.05
	sasl.mechanism = GSSAPI
	security.protocol = PLAINTEXT
	send.buffer.bytes = 131072
	ssl.cipher.suites = null
	ssl.enabled.protocols = [TLSv1.2, TLSv1.1, TLSv1]
	ssl.endpoint.identification.algorithm = https
	ssl.key.password = null
	ssl.keymanager.algorithm = SunX509
	ssl.keystore.location = null
	ssl.keystore.password = null
	ssl.keystore.type = JKS
	ssl.protocol = TLS
	ssl.provider = null
	ssl.secure.random.implementation = null
	ssl.trustmanager.algorithm = PKIX
	ssl.truststore.location = null
	ssl.truststore.password = null
	ssl.truststore.type = JKS

2019-08-16 22:45:18.813  INFO 10368 --- [restartedMain] o.a.kafka.common.utils.AppInfoParser     : Kafka version : 2.0.1
2019-08-16 22:45:18.813  INFO 10368 --- [restartedMain] o.a.kafka.common.utils.AppInfoParser     : Kafka commitId : fa14705e51bd2ce5
2019-08-16 22:45:19.089  INFO 10368 --- [restartedMain] o.a.k.clients.producer.ProducerConfig    : ProducerConfig values: 
	acks = 1
	batch.size = 16384
	bootstrap.servers = [localhost:9092]
	buffer.memory = 33554432
	client.id = 
	compression.type = none
	connections.max.idle.ms = 540000
	enable.idempotence = false
	interceptor.classes = []
	key.serializer = class org.apache.kafka.common.serialization.ByteArraySerializer
	linger.ms = 0
	max.block.ms = 60000
	max.in.flight.requests.per.connection = 5
	max.request.size = 1048576
	metadata.max.age.ms = 300000
	metric.reporters = []
	metrics.num.samples = 2
	metrics.recording.level = INFO
	metrics.sample.window.ms = 30000
	partitioner.class = class org.apache.kafka.clients.producer.internals.DefaultPartitioner
	receive.buffer.bytes = 32768
	reconnect.backoff.max.ms = 1000
	reconnect.backoff.ms = 50
	request.timeout.ms = 30000
	retries = 0
	retry.backoff.ms = 100
	sasl.client.callback.handler.class = null
	sasl.jaas.config = null
	sasl.kerberos.kinit.cmd = /usr/bin/kinit
	sasl.kerberos.min.time.before.relogin = 60000
	sasl.kerberos.service.name = null
	sasl.kerberos.ticket.renew.jitter = 0.05
	sasl.kerberos.ticket.renew.window.factor = 0.8
	sasl.login.callback.handler.class = null
	sasl.login.class = null
	sasl.login.refresh.buffer.seconds = 300
	sasl.login.refresh.min.period.seconds = 60
	sasl.login.refresh.window.factor = 0.8
	sasl.login.refresh.window.jitter = 0.05
	sasl.mechanism = GSSAPI
	security.protocol = PLAINTEXT
	send.buffer.bytes = 131072
	ssl.cipher.suites = null
	ssl.enabled.protocols = [TLSv1.2, TLSv1.1, TLSv1]
	ssl.endpoint.identification.algorithm = https
	ssl.key.password = null
	ssl.keymanager.algorithm = SunX509
	ssl.keystore.location = null
	ssl.keystore.password = null
	ssl.keystore.type = JKS
	ssl.protocol = TLS
	ssl.provider = null
	ssl.secure.random.implementation = null
	ssl.trustmanager.algorithm = PKIX
	ssl.truststore.location = null
	ssl.truststore.password = null
	ssl.truststore.type = JKS
	transaction.timeout.ms = 60000
	transactional.id = null
	value.serializer = class org.apache.kafka.common.serialization.ByteArraySerializer

2019-08-16 22:45:19.116  INFO 10368 --- [restartedMain] o.a.kafka.common.utils.AppInfoParser     : Kafka version : 2.0.1
2019-08-16 22:45:19.116  INFO 10368 --- [restartedMain] o.a.kafka.common.utils.AppInfoParser     : Kafka commitId : fa14705e51bd2ce5
2019-08-16 22:45:19.124  INFO 10368 --- [kafka-producer-network-thread | producer-1] org.apache.kafka.clients.Metadata        : Cluster ID: BCap8tXwTjSurC-nYn-PdQ
2019-08-16 22:45:19.126  INFO 10368 --- [restartedMain] o.a.k.clients.producer.KafkaProducer     : [Producer clientId=producer-1] Closing the Kafka producer with timeoutMillis = 30000 ms.
2019-08-16 22:45:19.141  INFO 10368 --- [restartedMain] o.s.c.s.m.DirectWithAttributesChannel    : Channel 'application-1.notifications-out' has 1 subscriber(s).
2019-08-16 22:45:19.163  INFO 10368 --- [restartedMain] o.s.c.n.eureka.InstanceInfoFactory       : Setting initial instance status as: STARTING
2019-08-16 22:45:19.225  INFO 10368 --- [restartedMain] com.netflix.discovery.DiscoveryClient    : Initializing Eureka in region us-east-1
2019-08-16 22:45:19.611  INFO 10368 --- [restartedMain] c.n.d.provider.DiscoveryJerseyProvider   : Using JSON encoding codec LegacyJacksonJson
2019-08-16 22:45:19.612  INFO 10368 --- [restartedMain] c.n.d.provider.DiscoveryJerseyProvider   : Using JSON decoding codec LegacyJacksonJson
2019-08-16 22:45:19.786  INFO 10368 --- [restartedMain] c.n.d.provider.DiscoveryJerseyProvider   : Using XML encoding codec XStreamXml
2019-08-16 22:45:19.787  INFO 10368 --- [restartedMain] c.n.d.provider.DiscoveryJerseyProvider   : Using XML decoding codec XStreamXml
2019-08-16 22:45:20.011  INFO 10368 --- [restartedMain] c.n.d.s.r.aws.ConfigClusterResolver      : Resolving eureka endpoints via configuration
2019-08-16 22:45:20.189  INFO 10368 --- [restartedMain] com.netflix.discovery.DiscoveryClient    : Disable delta property : false
2019-08-16 22:45:20.189  INFO 10368 --- [restartedMain] com.netflix.discovery.DiscoveryClient    : Single vip registry refresh property : null
2019-08-16 22:45:20.189  INFO 10368 --- [restartedMain] com.netflix.discovery.DiscoveryClient    : Force full registry fetch : false
2019-08-16 22:45:20.190  INFO 10368 --- [restartedMain] com.netflix.discovery.DiscoveryClient    : Application is null : false
2019-08-16 22:45:20.190  INFO 10368 --- [restartedMain] com.netflix.discovery.DiscoveryClient    : Registered Applications size is zero : true
2019-08-16 22:45:20.191  INFO 10368 --- [restartedMain] com.netflix.discovery.DiscoveryClient    : Application version is -1: true
2019-08-16 22:45:20.191  INFO 10368 --- [restartedMain] com.netflix.discovery.DiscoveryClient    : Getting all instance registry info from the eureka server
2019-08-16 22:45:20.383  INFO 10368 --- [restartedMain] com.netflix.discovery.DiscoveryClient    : The response status is 200
2019-08-16 22:45:20.386  INFO 10368 --- [restartedMain] com.netflix.discovery.DiscoveryClient    : Starting heartbeat executor: renew interval is: 30
2019-08-16 22:45:20.389  INFO 10368 --- [restartedMain] c.n.discovery.InstanceInfoReplicator     : InstanceInfoReplicator onDemand update allowed rate per min is 4
2019-08-16 22:45:20.393  INFO 10368 --- [restartedMain] com.netflix.discovery.DiscoveryClient    : Discovery Client initialized at timestamp 1566013520392 with initial instances count: 1
2019-08-16 22:45:20.397  INFO 10368 --- [restartedMain] o.s.c.n.e.s.EurekaServiceRegistry        : Registering application CUSTOMER-SERVICE with eureka with status UP
2019-08-16 22:45:20.398  INFO 10368 --- [restartedMain] com.netflix.discovery.DiscoveryClient    : Saw local status change event StatusChangeEvent [timestamp=1566013520398, current=UP, previous=STARTING]
2019-08-16 22:45:20.401  INFO 10368 --- [DiscoveryClient-InstanceInfoReplicator-0] com.netflix.discovery.DiscoveryClient    : DiscoveryClient_CUSTOMER-SERVICE/DESKTOP-MBUOBKB:customer-service:6161: registering service...
2019-08-16 22:45:20.439  INFO 10368 --- [restartedMain] o.a.k.clients.admin.AdminClientConfig    : AdminClientConfig values: 
	bootstrap.servers = [localhost:9092]
	client.id = 
	connections.max.idle.ms = 300000
	metadata.max.age.ms = 300000
	metric.reporters = []
	metrics.num.samples = 2
	metrics.recording.level = INFO
	metrics.sample.window.ms = 30000
	receive.buffer.bytes = 65536
	reconnect.backoff.max.ms = 1000
	reconnect.backoff.ms = 50
	request.timeout.ms = 120000
	retries = 5
	retry.backoff.ms = 100
	sasl.client.callback.handler.class = null
	sasl.jaas.config = null
	sasl.kerberos.kinit.cmd = /usr/bin/kinit
	sasl.kerberos.min.time.before.relogin = 60000
	sasl.kerberos.service.name = null
	sasl.kerberos.ticket.renew.jitter = 0.05
	sasl.kerberos.ticket.renew.window.factor = 0.8
	sasl.login.callback.handler.class = null
	sasl.login.class = null
	sasl.login.refresh.buffer.seconds = 300
	sasl.login.refresh.min.period.seconds = 60
	sasl.login.refresh.window.factor = 0.8
	sasl.login.refresh.window.jitter = 0.05
	sasl.mechanism = GSSAPI
	security.protocol = PLAINTEXT
	send.buffer.bytes = 131072
	ssl.cipher.suites = null
	ssl.enabled.protocols = [TLSv1.2, TLSv1.1, TLSv1]
	ssl.endpoint.identification.algorithm = https
	ssl.key.password = null
	ssl.keymanager.algorithm = SunX509
	ssl.keystore.location = null
	ssl.keystore.password = null
	ssl.keystore.type = JKS
	ssl.protocol = TLS
	ssl.provider = null
	ssl.secure.random.implementation = null
	ssl.trustmanager.algorithm = PKIX
	ssl.truststore.location = null
	ssl.truststore.password = null
	ssl.truststore.type = JKS

2019-08-16 22:45:20.443  INFO 10368 --- [restartedMain] o.a.kafka.common.utils.AppInfoParser     : Kafka version : 2.0.1
2019-08-16 22:45:20.443  INFO 10368 --- [restartedMain] o.a.kafka.common.utils.AppInfoParser     : Kafka commitId : fa14705e51bd2ce5
2019-08-16 22:45:20.459  INFO 10368 --- [DiscoveryClient-InstanceInfoReplicator-0] com.netflix.discovery.DiscoveryClient    : DiscoveryClient_CUSTOMER-SERVICE/DESKTOP-MBUOBKB:customer-service:6161 - registration status: 204
2019-08-16 22:45:20.475  INFO 10368 --- [restartedMain] o.a.k.clients.consumer.ConsumerConfig    : ConsumerConfig values: 
	auto.commit.interval.ms = 100
	auto.offset.reset = latest
	bootstrap.servers = [localhost:9092]
	check.crcs = true
	client.id = 
	connections.max.idle.ms = 540000
	default.api.timeout.ms = 60000
	enable.auto.commit = false
	exclude.internal.topics = true
	fetch.max.bytes = 52428800
	fetch.max.wait.ms = 500
	fetch.min.bytes = 1
	group.id = anonymous.ae94082a-c4e5-40a7-b409-79f103b7c234
	heartbeat.interval.ms = 3000
	interceptor.classes = []
	internal.leave.group.on.close = true
	isolation.level = read_uncommitted
	key.deserializer = class org.apache.kafka.common.serialization.ByteArrayDeserializer
	max.partition.fetch.bytes = 1048576
	max.poll.interval.ms = 300000
	max.poll.records = 500
	metadata.max.age.ms = 300000
	metric.reporters = []
	metrics.num.samples = 2
	metrics.recording.level = INFO
	metrics.sample.window.ms = 30000
	partition.assignment.strategy = [class org.apache.kafka.clients.consumer.RangeAssignor]
	receive.buffer.bytes = 65536
	reconnect.backoff.max.ms = 1000
	reconnect.backoff.ms = 50
	request.timeout.ms = 30000
	retry.backoff.ms = 100
	sasl.client.callback.handler.class = null
	sasl.jaas.config = null
	sasl.kerberos.kinit.cmd = /usr/bin/kinit
	sasl.kerberos.min.time.before.relogin = 60000
	sasl.kerberos.service.name = null
	sasl.kerberos.ticket.renew.jitter = 0.05
	sasl.kerberos.ticket.renew.window.factor = 0.8
	sasl.login.callback.handler.class = null
	sasl.login.class = null
	sasl.login.refresh.buffer.seconds = 300
	sasl.login.refresh.min.period.seconds = 60
	sasl.login.refresh.window.factor = 0.8
	sasl.login.refresh.window.jitter = 0.05
	sasl.mechanism = GSSAPI
	security.protocol = PLAINTEXT
	send.buffer.bytes = 131072
	session.timeout.ms = 10000
	ssl.cipher.suites = null
	ssl.enabled.protocols = [TLSv1.2, TLSv1.1, TLSv1]
	ssl.endpoint.identification.algorithm = https
	ssl.key.password = null
	ssl.keymanager.algorithm = SunX509
	ssl.keystore.location = null
	ssl.keystore.password = null
	ssl.keystore.type = JKS
	ssl.protocol = TLS
	ssl.provider = null
	ssl.secure.random.implementation = null
	ssl.trustmanager.algorithm = PKIX
	ssl.truststore.location = null
	ssl.truststore.password = null
	ssl.truststore.type = JKS
	value.deserializer = class org.apache.kafka.common.serialization.ByteArrayDeserializer

2019-08-16 22:45:20.503  INFO 10368 --- [restartedMain] o.a.kafka.common.utils.AppInfoParser     : Kafka version : 2.0.1
2019-08-16 22:45:20.504  INFO 10368 --- [restartedMain] o.a.kafka.common.utils.AppInfoParser     : Kafka commitId : fa14705e51bd2ce5
2019-08-16 22:45:20.511  INFO 10368 --- [restartedMain] org.apache.kafka.clients.Metadata        : Cluster ID: BCap8tXwTjSurC-nYn-PdQ
2019-08-16 22:45:20.540  INFO 10368 --- [restartedMain] o.s.i.monitor.IntegrationMBeanExporter   : Registering MessageChannel notification.anonymous.ae94082a-c4e5-40a7-b409-79f103b7c234.errors
2019-08-16 22:45:20.578  INFO 10368 --- [restartedMain] o.s.c.stream.binder.BinderErrorChannel   : Channel 'application-1.notification.anonymous.ae94082a-c4e5-40a7-b409-79f103b7c234.errors' has 1 subscriber(s).
2019-08-16 22:45:20.579  INFO 10368 --- [restartedMain] o.s.c.stream.binder.BinderErrorChannel   : Channel 'application-1.notification.anonymous.ae94082a-c4e5-40a7-b409-79f103b7c234.errors' has 0 subscriber(s).
2019-08-16 22:45:20.579  INFO 10368 --- [restartedMain] o.s.c.stream.binder.BinderErrorChannel   : Channel 'application-1.notification.anonymous.ae94082a-c4e5-40a7-b409-79f103b7c234.errors' has 1 subscriber(s).
2019-08-16 22:45:20.579  INFO 10368 --- [restartedMain] o.s.c.stream.binder.BinderErrorChannel   : Channel 'application-1.notification.anonymous.ae94082a-c4e5-40a7-b409-79f103b7c234.errors' has 2 subscriber(s).
2019-08-16 22:45:20.591  INFO 10368 --- [restartedMain] o.a.k.clients.consumer.ConsumerConfig    : ConsumerConfig values: 
	auto.commit.interval.ms = 100
	auto.offset.reset = latest
	bootstrap.servers = [localhost:9092]
	check.crcs = true
	client.id = 
	connections.max.idle.ms = 540000
	default.api.timeout.ms = 60000
	enable.auto.commit = false
	exclude.internal.topics = true
	fetch.max.bytes = 52428800
	fetch.max.wait.ms = 500
	fetch.min.bytes = 1
	group.id = anonymous.ae94082a-c4e5-40a7-b409-79f103b7c234
	heartbeat.interval.ms = 3000
	interceptor.classes = []
	internal.leave.group.on.close = true
	isolation.level = read_uncommitted
	key.deserializer = class org.apache.kafka.common.serialization.ByteArrayDeserializer
	max.partition.fetch.bytes = 1048576
	max.poll.interval.ms = 300000
	max.poll.records = 500
	metadata.max.age.ms = 300000
	metric.reporters = []
	metrics.num.samples = 2
	metrics.recording.level = INFO
	metrics.sample.window.ms = 30000
	partition.assignment.strategy = [class org.apache.kafka.clients.consumer.RangeAssignor]
	receive.buffer.bytes = 65536
	reconnect.backoff.max.ms = 1000
	reconnect.backoff.ms = 50
	request.timeout.ms = 30000
	retry.backoff.ms = 100
	sasl.client.callback.handler.class = null
	sasl.jaas.config = null
	sasl.kerberos.kinit.cmd = /usr/bin/kinit
	sasl.kerberos.min.time.before.relogin = 60000
	sasl.kerberos.service.name = null
	sasl.kerberos.ticket.renew.jitter = 0.05
	sasl.kerberos.ticket.renew.window.factor = 0.8
	sasl.login.callback.handler.class = null
	sasl.login.class = null
	sasl.login.refresh.buffer.seconds = 300
	sasl.login.refresh.min.period.seconds = 60
	sasl.login.refresh.window.factor = 0.8
	sasl.login.refresh.window.jitter = 0.05
	sasl.mechanism = GSSAPI
	security.protocol = PLAINTEXT
	send.buffer.bytes = 131072
	session.timeout.ms = 10000
	ssl.cipher.suites = null
	ssl.enabled.protocols = [TLSv1.2, TLSv1.1, TLSv1]
	ssl.endpoint.identification.algorithm = https
	ssl.key.password = null
	ssl.keymanager.algorithm = SunX509
	ssl.keystore.location = null
	ssl.keystore.password = null
	ssl.keystore.type = JKS
	ssl.protocol = TLS
	ssl.provider = null
	ssl.secure.random.implementation = null
	ssl.trustmanager.algorithm = PKIX
	ssl.truststore.location = null
	ssl.truststore.password = null
	ssl.truststore.type = JKS
	value.deserializer = class org.apache.kafka.common.serialization.ByteArrayDeserializer

2019-08-16 22:45:20.595  INFO 10368 --- [restartedMain] o.a.kafka.common.utils.AppInfoParser     : Kafka version : 2.0.1
2019-08-16 22:45:20.595  INFO 10368 --- [restartedMain] o.a.kafka.common.utils.AppInfoParser     : Kafka commitId : fa14705e51bd2ce5
2019-08-16 22:45:20.600  INFO 10368 --- [restartedMain] org.apache.kafka.clients.Metadata        : Cluster ID: BCap8tXwTjSurC-nYn-PdQ
2019-08-16 22:45:20.610  INFO 10368 --- [restartedMain] o.a.k.clients.consumer.ConsumerConfig    : ConsumerConfig values: 
	auto.commit.interval.ms = 100
	auto.offset.reset = latest
	bootstrap.servers = [localhost:9092]
	check.crcs = true
	client.id = 
	connections.max.idle.ms = 540000
	default.api.timeout.ms = 60000
	enable.auto.commit = false
	exclude.internal.topics = true
	fetch.max.bytes = 52428800
	fetch.max.wait.ms = 500
	fetch.min.bytes = 1
	group.id = anonymous.ae94082a-c4e5-40a7-b409-79f103b7c234
	heartbeat.interval.ms = 3000
	interceptor.classes = []
	internal.leave.group.on.close = true
	isolation.level = read_uncommitted
	key.deserializer = class org.apache.kafka.common.serialization.ByteArrayDeserializer
	max.partition.fetch.bytes = 1048576
	max.poll.interval.ms = 300000
	max.poll.records = 500
	metadata.max.age.ms = 300000
	metric.reporters = []
	metrics.num.samples = 2
	metrics.recording.level = INFO
	metrics.sample.window.ms = 30000
	partition.assignment.strategy = [class org.apache.kafka.clients.consumer.RangeAssignor]
	receive.buffer.bytes = 65536
	reconnect.backoff.max.ms = 1000
	reconnect.backoff.ms = 50
	request.timeout.ms = 30000
	retry.backoff.ms = 100
	sasl.client.callback.handler.class = null
	sasl.jaas.config = null
	sasl.kerberos.kinit.cmd = /usr/bin/kinit
	sasl.kerberos.min.time.before.relogin = 60000
	sasl.kerberos.service.name = null
	sasl.kerberos.ticket.renew.jitter = 0.05
	sasl.kerberos.ticket.renew.window.factor = 0.8
	sasl.login.callback.handler.class = null
	sasl.login.class = null
	sasl.login.refresh.buffer.seconds = 300
	sasl.login.refresh.min.period.seconds = 60
	sasl.login.refresh.window.factor = 0.8
	sasl.login.refresh.window.jitter = 0.05
	sasl.mechanism = GSSAPI
	security.protocol = PLAINTEXT
	send.buffer.bytes = 131072
	session.timeout.ms = 10000
	ssl.cipher.suites = null
	ssl.enabled.protocols = [TLSv1.2, TLSv1.1, TLSv1]
	ssl.endpoint.identification.algorithm = https
	ssl.key.password = null
	ssl.keymanager.algorithm = SunX509
	ssl.keystore.location = null
	ssl.keystore.password = null
	ssl.keystore.type = JKS
	ssl.protocol = TLS
	ssl.provider = null
	ssl.secure.random.implementation = null
	ssl.trustmanager.algorithm = PKIX
	ssl.truststore.location = null
	ssl.truststore.password = null
	ssl.truststore.type = JKS
	value.deserializer = class org.apache.kafka.common.serialization.ByteArrayDeserializer

2019-08-16 22:45:20.614  INFO 10368 --- [restartedMain] o.a.kafka.common.utils.AppInfoParser     : Kafka version : 2.0.1
2019-08-16 22:45:20.614  INFO 10368 --- [restartedMain] o.a.kafka.common.utils.AppInfoParser     : Kafka commitId : fa14705e51bd2ce5
2019-08-16 22:45:20.618  INFO 10368 --- [restartedMain] o.s.s.c.ThreadPoolTaskScheduler          : Initializing ExecutorService
2019-08-16 22:45:20.624  INFO 10368 --- [restartedMain] s.i.k.i.KafkaMessageDrivenChannelAdapter : started org.springframework.integration.kafka.inbound.KafkaMessageDrivenChannelAdapter@69667135
2019-08-16 22:45:20.637  INFO 10368 --- [[Ljava.lang.String;@41aab901.container-0-C-1] org.apache.kafka.clients.Metadata        : Cluster ID: BCap8tXwTjSurC-nYn-PdQ
2019-08-16 22:45:20.640  INFO 10368 --- [[Ljava.lang.String;@41aab901.container-0-C-1] o.a.k.c.c.internals.AbstractCoordinator  : [Consumer clientId=consumer-3, groupId=anonymous.ae94082a-c4e5-40a7-b409-79f103b7c234] Discovered group coordinator DESKTOP-MBUOBKB:9092 (id: 2147483647 rack: null)
2019-08-16 22:45:20.643  INFO 10368 --- [[Ljava.lang.String;@41aab901.container-0-C-1] o.a.k.c.c.internals.ConsumerCoordinator  : [Consumer clientId=consumer-3, groupId=anonymous.ae94082a-c4e5-40a7-b409-79f103b7c234] Revoking previously assigned partitions []
2019-08-16 22:45:20.644  INFO 10368 --- [[Ljava.lang.String;@41aab901.container-0-C-1] o.s.c.s.b.k.KafkaMessageChannelBinder$1  : partitions revoked: []
2019-08-16 22:45:20.644  INFO 10368 --- [[Ljava.lang.String;@41aab901.container-0-C-1] o.a.k.c.c.internals.AbstractCoordinator  : [Consumer clientId=consumer-3, groupId=anonymous.ae94082a-c4e5-40a7-b409-79f103b7c234] (Re-)joining group
2019-08-16 22:45:20.672  INFO 10368 --- [[Ljava.lang.String;@41aab901.container-0-C-1] o.a.k.c.c.internals.AbstractCoordinator  : [Consumer clientId=consumer-3, groupId=anonymous.ae94082a-c4e5-40a7-b409-79f103b7c234] Successfully joined group with generation 1
2019-08-16 22:45:20.675  INFO 10368 --- [[Ljava.lang.String;@41aab901.container-0-C-1] o.a.k.c.c.internals.ConsumerCoordinator  : [Consumer clientId=consumer-3, groupId=anonymous.ae94082a-c4e5-40a7-b409-79f103b7c234] Setting newly assigned partitions [notification-0]
2019-08-16 22:45:20.686  INFO 10368 --- [restartedMain] o.s.b.w.embedded.tomcat.TomcatWebServer  : Tomcat started on port(s): 6161 (http) with context path ''
2019-08-16 22:45:20.688  INFO 10368 --- [restartedMain] .s.c.n.e.s.EurekaAutoServiceRegistration : Updating port to 6161
2019-08-16 22:45:20.692  INFO 10368 --- [[Ljava.lang.String;@41aab901.container-0-C-1] o.a.k.c.consumer.internals.Fetcher       : [Consumer clientId=consumer-3, groupId=anonymous.ae94082a-c4e5-40a7-b409-79f103b7c234] Resetting offset for partition notification-0 to offset 0.
2019-08-16 22:45:20.692  INFO 10368 --- [restartedMain] c.m.c.c.CustomerServiceApplication       : Started CustomerServiceApplication in 17.65 seconds (JVM running for 19.328)
2019-08-16 22:45:20.701  INFO 10368 --- [[Ljava.lang.String;@41aab901.container-0-C-1] o.s.c.s.b.k.KafkaMessageChannelBinder$1  : partitions assigned: [notification-0]
2019-08-16 22:50:20.194  INFO 10368 --- [AsyncResolver-bootstrap-executor-0] c.n.d.s.r.aws.ConfigClusterResolver      : Resolving eureka endpoints via configuration
2019-08-16 22:51:19.760  INFO 10368 --- [http-nio-6161-exec-10] o.a.c.c.C.[Tomcat].[localhost].[/]       : Initializing Spring DispatcherServlet 'dispatcherServlet'
2019-08-16 22:51:19.761  INFO 10368 --- [http-nio-6161-exec-10] o.s.web.servlet.DispatcherServlet        : Initializing Servlet 'dispatcherServlet'
2019-08-16 22:51:19.776  INFO 10368 --- [http-nio-6161-exec-10] o.s.web.servlet.DispatcherServlet        : Completed initialization in 15 ms
2019-08-16 22:52:29.600  INFO 10368 --- [http-nio-6161-exec-5] o.a.k.clients.producer.ProducerConfig    : ProducerConfig values: 
	acks = 1
	batch.size = 16384
	bootstrap.servers = [localhost:9092]
	buffer.memory = 33554432
	client.id = 
	compression.type = none
	connections.max.idle.ms = 540000
	enable.idempotence = false
	interceptor.classes = []
	key.serializer = class org.apache.kafka.common.serialization.ByteArraySerializer
	linger.ms = 0
	max.block.ms = 60000
	max.in.flight.requests.per.connection = 5
	max.request.size = 1048576
	metadata.max.age.ms = 300000
	metric.reporters = []
	metrics.num.samples = 2
	metrics.recording.level = INFO
	metrics.sample.window.ms = 30000
	partitioner.class = class org.apache.kafka.clients.producer.internals.DefaultPartitioner
	receive.buffer.bytes = 32768
	reconnect.backoff.max.ms = 1000
	reconnect.backoff.ms = 50
	request.timeout.ms = 30000
	retries = 0
	retry.backoff.ms = 100
	sasl.client.callback.handler.class = null
	sasl.jaas.config = null
	sasl.kerberos.kinit.cmd = /usr/bin/kinit
	sasl.kerberos.min.time.before.relogin = 60000
	sasl.kerberos.service.name = null
	sasl.kerberos.ticket.renew.jitter = 0.05
	sasl.kerberos.ticket.renew.window.factor = 0.8
	sasl.login.callback.handler.class = null
	sasl.login.class = null
	sasl.login.refresh.buffer.seconds = 300
	sasl.login.refresh.min.period.seconds = 60
	sasl.login.refresh.window.factor = 0.8
	sasl.login.refresh.window.jitter = 0.05
	sasl.mechanism = GSSAPI
	security.protocol = PLAINTEXT
	send.buffer.bytes = 131072
	ssl.cipher.suites = null
	ssl.enabled.protocols = [TLSv1.2, TLSv1.1, TLSv1]
	ssl.endpoint.identification.algorithm = https
	ssl.key.password = null
	ssl.keymanager.algorithm = SunX509
	ssl.keystore.location = null
	ssl.keystore.password = null
	ssl.keystore.type = JKS
	ssl.protocol = TLS
	ssl.provider = null
	ssl.secure.random.implementation = null
	ssl.trustmanager.algorithm = PKIX
	ssl.truststore.location = null
	ssl.truststore.password = null
	ssl.truststore.type = JKS
	transaction.timeout.ms = 60000
	transactional.id = null
	value.serializer = class org.apache.kafka.common.serialization.ByteArraySerializer

2019-08-16 22:52:29.603  INFO 10368 --- [http-nio-6161-exec-5] o.a.kafka.common.utils.AppInfoParser     : Kafka version : 2.0.1
2019-08-16 22:52:29.603  INFO 10368 --- [http-nio-6161-exec-5] o.a.kafka.common.utils.AppInfoParser     : Kafka commitId : fa14705e51bd2ce5
2019-08-16 22:52:29.610  INFO 10368 --- [kafka-producer-network-thread | producer-2] org.apache.kafka.clients.Metadata        : Cluster ID: BCap8tXwTjSurC-nYn-PdQ
2019-08-16 22:55:20.195  INFO 10368 --- [AsyncResolver-bootstrap-executor-0] c.n.d.s.r.aws.ConfigClusterResolver      : Resolving eureka endpoints via configuration
2019-08-16 23:00:20.229  INFO 10368 --- [AsyncResolver-bootstrap-executor-0] c.n.d.s.r.aws.ConfigClusterResolver      : Resolving eureka endpoints via configuration
2019-08-16 23:03:21.651  INFO 10368 --- [RMI TCP Connection(37)-127.0.0.1] inMXBeanRegistrar$SpringApplicationAdmin : Application shutdown requested.
2019-08-16 23:03:21.855  INFO 10368 --- [RMI TCP Connection(37)-127.0.0.1] o.s.c.n.e.s.EurekaServiceRegistry        : Unregistering application CUSTOMER-SERVICE with eureka with status DOWN
2019-08-16 23:03:21.870  WARN 10368 --- [RMI TCP Connection(37)-127.0.0.1] com.netflix.discovery.DiscoveryClient    : Saw local status change event StatusChangeEvent [timestamp=1566014601856, current=DOWN, previous=UP]
2019-08-16 23:03:21.870  INFO 10368 --- [DiscoveryClient-InstanceInfoReplicator-0] com.netflix.discovery.DiscoveryClient    : DiscoveryClient_CUSTOMER-SERVICE/DESKTOP-MBUOBKB:customer-service:6161: registering service...
2019-08-16 23:03:21.983  INFO 10368 --- [DiscoveryClient-InstanceInfoReplicator-0] com.netflix.discovery.DiscoveryClient    : DiscoveryClient_CUSTOMER-SERVICE/DESKTOP-MBUOBKB:customer-service:6161 - registration status: 204
2019-08-16 23:03:22.397  INFO 10368 --- [[Ljava.lang.String;@41aab901.container-0-C-1] o.s.s.c.ThreadPoolTaskScheduler          : Shutting down ExecutorService
2019-08-16 23:03:22.497  INFO 10368 --- [[Ljava.lang.String;@41aab901.container-0-C-1] essageListenerContainer$ListenerConsumer : Consumer stopped
2019-08-16 23:03:22.543  INFO 10368 --- [RMI TCP Connection(37)-127.0.0.1] s.i.k.i.KafkaMessageDrivenChannelAdapter : stopped org.springframework.integration.kafka.inbound.KafkaMessageDrivenChannelAdapter@69667135
2019-08-16 23:03:23.086  INFO 10368 --- [RMI TCP Connection(37)-127.0.0.1] o.s.i.endpoint.EventDrivenConsumer       : Removing {logging-channel-adapter:_org.springframework.integration.errorLogger} as a subscriber to the 'errorChannel' channel
2019-08-16 23:03:23.087  INFO 10368 --- [RMI TCP Connection(37)-127.0.0.1] o.s.i.channel.PublishSubscribeChannel    : Channel 'application-1.errorChannel' has 0 subscriber(s).
2019-08-16 23:03:23.087  INFO 10368 --- [RMI TCP Connection(37)-127.0.0.1] o.s.i.endpoint.EventDrivenConsumer       : stopped _org.springframework.integration.errorLogger
2019-08-16 23:03:24.240  INFO 10368 --- [RMI TCP Connection(37)-127.0.0.1] o.s.s.concurrent.ThreadPoolTaskExecutor  : Shutting down ExecutorService 'applicationTaskExecutor'
2019-08-16 23:03:25.314  INFO 10368 --- [RMI TCP Connection(37)-127.0.0.1] o.s.s.c.ThreadPoolTaskScheduler          : Shutting down ExecutorService 'taskScheduler'
2019-08-16 23:03:25.456  INFO 10368 --- [RMI TCP Connection(37)-127.0.0.1] j.LocalContainerEntityManagerFactoryBean : Closing JPA EntityManagerFactory for persistence unit 'default'
2019-08-16 23:03:26.141  INFO 10368 --- [RMI TCP Connection(37)-127.0.0.1] o.s.i.monitor.IntegrationMBeanExporter   : Summary on shutdown: nullChannel
2019-08-16 23:03:26.141  INFO 10368 --- [RMI TCP Connection(37)-127.0.0.1] o.s.i.monitor.IntegrationMBeanExporter   : Summary on shutdown: notification-in
2019-08-16 23:03:26.142  INFO 10368 --- [RMI TCP Connection(37)-127.0.0.1] o.s.i.monitor.IntegrationMBeanExporter   : Summary on shutdown: notification.anonymous.ae94082a-c4e5-40a7-b409-79f103b7c234.errors
2019-08-16 23:03:26.142  INFO 10368 --- [RMI TCP Connection(37)-127.0.0.1] o.s.i.monitor.IntegrationMBeanExporter   : Summary on shutdown: notifications-out
2019-08-16 23:03:26.142  INFO 10368 --- [RMI TCP Connection(37)-127.0.0.1] o.s.i.monitor.IntegrationMBeanExporter   : Summary on shutdown: errorChannel
2019-08-16 23:03:26.142  INFO 10368 --- [RMI TCP Connection(37)-127.0.0.1] o.s.i.monitor.IntegrationMBeanExporter   : Summary on shutdown: _org.springframework.integration.errorLogger.handler
2019-08-16 23:03:26.173  INFO 10368 --- [RMI TCP Connection(37)-127.0.0.1] com.netflix.discovery.DiscoveryClient    : Shutting down DiscoveryClient ...
2019-08-16 23:03:29.185  INFO 10368 --- [RMI TCP Connection(37)-127.0.0.1] com.netflix.discovery.DiscoveryClient    : Unregistering ...
2019-08-16 23:03:29.237  INFO 10368 --- [RMI TCP Connection(37)-127.0.0.1] com.netflix.discovery.DiscoveryClient    : DiscoveryClient_CUSTOMER-SERVICE/DESKTOP-MBUOBKB:customer-service:6161 - deregister  status: 200
2019-08-16 23:03:29.381  INFO 10368 --- [RMI TCP Connection(37)-127.0.0.1] com.netflix.discovery.DiscoveryClient    : Completed shut down of DiscoveryClient
2019-08-16 23:03:29.390  INFO 10368 --- [RMI TCP Connection(37)-127.0.0.1] com.zaxxer.hikari.HikariDataSource       : HikariPool-1 - Shutdown initiated...
2019-08-16 23:03:29.444  INFO 10368 --- [RMI TCP Connection(37)-127.0.0.1] com.zaxxer.hikari.HikariDataSource       : HikariPool-1 - Shutdown completed.
2019-08-16 23:03:29.666  INFO 10368 --- [RMI TCP Connection(37)-127.0.0.1] o.apache.catalina.core.StandardService   : Stopping service [Tomcat]
2019-08-16 23:03:29.917  INFO 10368 --- [RMI TCP Connection(37)-127.0.0.1] o.a.c.c.C.[Tomcat].[localhost].[/]       : Destroying Spring FrameworkServlet 'dispatcherServlet'
2019-08-16 23:03:29.967  WARN 10368 --- [RMI TCP Connection(37)-127.0.0.1] o.a.c.loader.WebappClassLoaderBase       : The web application [ROOT] appears to have started a thread named [kafka-producer-network-thread | producer-2] but has failed to stop it. This is very likely to create a memory leak. Stack trace of thread:
 sun.nio.ch.WindowsSelectorImpl$SubSelector.poll0(Native Method)
 sun.nio.ch.WindowsSelectorImpl$SubSelector.poll(Unknown Source)
 sun.nio.ch.WindowsSelectorImpl$SubSelector.access$400(Unknown Source)
 sun.nio.ch.WindowsSelectorImpl.doSelect(Unknown Source)
 sun.nio.ch.SelectorImpl.lockAndDoSelect(Unknown Source)
 sun.nio.ch.SelectorImpl.select(Unknown Source)
 org.apache.kafka.common.network.Selector.select(Selector.java:691)
 org.apache.kafka.common.network.Selector.poll(Selector.java:411)
 org.apache.kafka.clients.NetworkClient.poll(NetworkClient.java:510)
 org.apache.kafka.clients.producer.internals.Sender.run(Sender.java:239)
 org.apache.kafka.clients.producer.internals.Sender.run(Sender.java:163)
 java.lang.Thread.run(Unknown Source)
